{"/home/travis/build/npmtest/node-npmtest-what-input/test.js":{"path":"/home/travis/build/npmtest/node-npmtest-what-input/test.js","s":{"1":2,"2":2,"3":2,"4":2,"5":2,"6":2,"7":2,"8":1,"9":2,"10":2,"11":1,"12":1,"13":1,"14":1,"15":2,"16":2,"17":2,"18":2,"19":1,"20":1,"21":2,"22":2,"23":2,"24":1,"25":1,"26":1,"27":1,"28":1,"29":1,"30":1,"31":1,"32":1,"33":1,"34":1,"35":1,"36":1,"37":1,"38":1,"39":2,"40":2,"41":1,"42":2,"43":2,"44":1,"45":2,"46":2,"47":1,"48":2,"49":2,"50":1,"51":1,"52":1,"53":1,"54":1},"b":{"1":[2,1,1,1],"2":[1,1,1,1],"3":[1,1],"4":[1,1],"5":[1,1],"6":[1,1],"7":[1,1],"8":[1,1],"9":[1,1],"10":[1,1,1],"11":[1,1],"12":[1,1],"13":[1,1],"14":[1,1],"15":[1,1],"16":[1,1],"17":[1,1]},"f":{"1":2,"2":2,"3":2,"4":2,"5":2,"6":1,"7":1,"8":1,"9":2,"10":2,"11":2,"12":2,"13":1},"fnMap":{"1":{"name":"(anonymous_1)","line":12,"loc":{"start":{"line":12,"column":1},"end":{"line":12,"column":13}}},"2":{"name":"(anonymous_2)","line":19,"loc":{"start":{"line":19,"column":5},"end":{"line":19,"column":17}}},"3":{"name":"(anonymous_3)","line":23,"loc":{"start":{"line":23,"column":24},"end":{"line":23,"column":36}}},"4":{"name":"(anonymous_4)","line":61,"loc":{"start":{"line":61,"column":5},"end":{"line":61,"column":17}}},"5":{"name":"(anonymous_5)","line":82,"loc":{"start":{"line":82,"column":5},"end":{"line":82,"column":17}}},"6":{"name":"(anonymous_6)","line":91,"loc":{"start":{"line":91,"column":77},"end":{"line":94,"column":10}}},"7":{"name":"(anonymous_7)","line":112,"loc":{"start":{"line":112,"column":83},"end":{"line":115,"column":10}},"skip":true},"8":{"name":"(anonymous_8)","line":123,"loc":{"start":{"line":123,"column":77},"end":{"line":126,"column":10}},"skip":true},"9":{"name":"(anonymous_9)","line":139,"loc":{"start":{"line":139,"column":12},"end":{"line":139,"column":40}},"skip":true},"10":{"name":"(anonymous_10)","line":147,"loc":{"start":{"line":147,"column":77},"end":{"line":150,"column":10}},"skip":true},"11":{"name":"(anonymous_11)","line":158,"loc":{"start":{"line":158,"column":83},"end":{"line":161,"column":10}},"skip":true},"12":{"name":"(anonymous_12)","line":169,"loc":{"start":{"line":169,"column":79},"end":{"line":172,"column":10}},"skip":true},"13":{"name":"(anonymous_13)","line":180,"loc":{"start":{"line":180,"column":75},"end":{"line":183,"column":10}},"skip":true}},"statementMap":{"1":{"start":{"line":12,"column":0},"end":{"line":195,"column":5}},"2":{"start":{"line":14,"column":4},"end":{"line":14,"column":14}},"3":{"start":{"line":19,"column":4},"end":{"line":56,"column":9}},"4":{"start":{"line":21,"column":8},"end":{"line":21,"column":19}},"5":{"start":{"line":23,"column":8},"end":{"line":35,"column":13}},"6":{"start":{"line":24,"column":12},"end":{"line":34,"column":13}},"7":{"start":{"line":25,"column":16},"end":{"line":28,"column":30}},"8":{"start":{"line":30,"column":16},"end":{"line":33,"column":27}},"9":{"start":{"line":37,"column":8},"end":{"line":39,"column":21}},"10":{"start":{"line":40,"column":8},"end":{"line":53,"column":9}},"11":{"start":{"line":43,"column":12},"end":{"line":46,"column":14}},"12":{"start":{"line":47,"column":12},"end":{"line":47,"column":18}},"13":{"start":{"line":50,"column":12},"end":{"line":51,"column":33}},"14":{"start":{"line":52,"column":12},"end":{"line":52,"column":18}},"15":{"start":{"line":55,"column":8},"end":{"line":55,"column":35}},"16":{"start":{"line":61,"column":4},"end":{"line":63,"column":9}},"17":{"start":{"line":62,"column":8},"end":{"line":62,"column":15}},"18":{"start":{"line":64,"column":4},"end":{"line":77,"column":5}},"19":{"start":{"line":70,"column":8},"end":{"line":70,"column":14}},"20":{"start":{"line":76,"column":8},"end":{"line":76,"column":14}},"21":{"start":{"line":82,"column":4},"end":{"line":84,"column":9}},"22":{"start":{"line":83,"column":8},"end":{"line":83,"column":15}},"23":{"start":{"line":85,"column":4},"end":{"line":194,"column":5}},"24":{"start":{"line":91,"column":8},"end":{"line":99,"column":10}},"25":{"start":{"line":98,"column":12},"end":{"line":98,"column":35}},"26":{"start":{"line":102,"column":8},"end":{"line":104,"column":63}},"27":{"start":{"line":105,"column":8},"end":{"line":105,"column":14}},"28":{"start":{"line":112,"column":8},"end":{"line":121,"column":10},"skip":true},"29":{"start":{"line":119,"column":12},"end":{"line":119,"column":55},"skip":true},"30":{"start":{"line":120,"column":12},"end":{"line":120,"column":48},"skip":true},"31":{"start":{"line":123,"column":8},"end":{"line":136,"column":10},"skip":true},"32":{"start":{"line":130,"column":12},"end":{"line":130,"column":76},"skip":true},"33":{"start":{"line":131,"column":12},"end":{"line":131,"column":73},"skip":true},"34":{"start":{"line":132,"column":12},"end":{"line":132,"column":74},"skip":true},"35":{"start":{"line":133,"column":12},"end":{"line":133,"column":79},"skip":true},"36":{"start":{"line":134,"column":12},"end":{"line":134,"column":25},"skip":true},"37":{"start":{"line":135,"column":12},"end":{"line":135,"column":45},"skip":true},"38":{"start":{"line":138,"column":8},"end":{"line":145,"column":14},"skip":true},"39":{"start":{"line":143,"column":16},"end":{"line":143,"column":29},"skip":true},"40":{"start":{"line":144,"column":16},"end":{"line":144,"column":55},"skip":true},"41":{"start":{"line":147,"column":8},"end":{"line":156,"column":10},"skip":true},"42":{"start":{"line":154,"column":12},"end":{"line":154,"column":25},"skip":true},"43":{"start":{"line":155,"column":12},"end":{"line":155,"column":45},"skip":true},"44":{"start":{"line":158,"column":8},"end":{"line":167,"column":10},"skip":true},"45":{"start":{"line":165,"column":12},"end":{"line":165,"column":25},"skip":true},"46":{"start":{"line":166,"column":12},"end":{"line":166,"column":48},"skip":true},"47":{"start":{"line":169,"column":8},"end":{"line":178,"column":10},"skip":true},"48":{"start":{"line":176,"column":12},"end":{"line":176,"column":25},"skip":true},"49":{"start":{"line":177,"column":12},"end":{"line":177,"column":46},"skip":true},"50":{"start":{"line":180,"column":8},"end":{"line":189,"column":10},"skip":true},"51":{"start":{"line":187,"column":12},"end":{"line":187,"column":94},"skip":true},"52":{"start":{"line":188,"column":12},"end":{"line":188,"column":48},"skip":true},"53":{"start":{"line":192,"column":8},"end":{"line":192,"column":35},"skip":true},"54":{"start":{"line":193,"column":8},"end":{"line":193,"column":14},"skip":true}},"branchMap":{"1":{"line":25,"type":"binary-expr","locations":[{"start":{"line":25,"column":23},"end":{"line":25,"column":62}},{"start":{"line":26,"column":20},"end":{"line":26,"column":70}},{"start":{"line":27,"column":20},"end":{"line":27,"column":71}},{"start":{"line":28,"column":20},"end":{"line":28,"column":29}}]},"2":{"line":30,"type":"binary-expr","locations":[{"start":{"line":30,"column":23},"end":{"line":30,"column":37}},{"start":{"line":31,"column":20},"end":{"line":31,"column":61}},{"start":{"line":32,"column":20},"end":{"line":32,"column":70}},{"start":{"line":33,"column":20},"end":{"line":33,"column":26}}]},"3":{"line":37,"type":"cond-expr","locations":[{"start":{"line":38,"column":14},"end":{"line":38,"column":20}},{"start":{"line":39,"column":14},"end":{"line":39,"column":20}}]},"4":{"line":40,"type":"switch","locations":[{"start":{"line":42,"column":8},"end":{"line":47,"column":18}},{"start":{"line":49,"column":8},"end":{"line":52,"column":18}}]},"5":{"line":44,"type":"binary-expr","locations":[{"start":{"line":44,"column":16},"end":{"line":44,"column":44}},{"start":{"line":44,"column":48},"end":{"line":44,"column":66}}]},"6":{"line":50,"type":"binary-expr","locations":[{"start":{"line":50,"column":21},"end":{"line":50,"column":49}},{"start":{"line":50,"column":53},"end":{"line":50,"column":72}}]},"7":{"line":64,"type":"switch","locations":[{"start":{"line":69,"column":4},"end":{"line":70,"column":14}},{"start":{"line":75,"column":4},"end":{"line":76,"column":14}}]},"8":{"line":85,"type":"switch","locations":[{"start":{"line":90,"column":4},"end":{"line":105,"column":14}},{"start":{"line":111,"column":4},"end":{"line":193,"column":14},"skip":true}]},"9":{"line":91,"type":"binary-expr","locations":[{"start":{"line":91,"column":42},"end":{"line":91,"column":73}},{"start":{"line":91,"column":77},"end":{"line":99,"column":9}}]},"10":{"line":102,"type":"binary-expr","locations":[{"start":{"line":102,"column":18},"end":{"line":102,"column":32}},{"start":{"line":103,"column":12},"end":{"line":103,"column":53}},{"start":{"line":104,"column":12},"end":{"line":104,"column":61}}]},"11":{"line":112,"type":"binary-expr","locations":[{"start":{"line":112,"column":45},"end":{"line":112,"column":79},"skip":true},{"start":{"line":112,"column":83},"end":{"line":121,"column":9},"skip":true}]},"12":{"line":123,"type":"binary-expr","locations":[{"start":{"line":123,"column":42},"end":{"line":123,"column":73},"skip":true},{"start":{"line":123,"column":77},"end":{"line":136,"column":9},"skip":true}]},"13":{"line":138,"type":"binary-expr","locations":[{"start":{"line":138,"column":48},"end":{"line":138,"column":85},"skip":true},{"start":{"line":139,"column":12},"end":{"line":145,"column":13},"skip":true}]},"14":{"line":147,"type":"binary-expr","locations":[{"start":{"line":147,"column":42},"end":{"line":147,"column":73},"skip":true},{"start":{"line":147,"column":77},"end":{"line":156,"column":9},"skip":true}]},"15":{"line":158,"type":"binary-expr","locations":[{"start":{"line":158,"column":45},"end":{"line":158,"column":79},"skip":true},{"start":{"line":158,"column":83},"end":{"line":167,"column":9},"skip":true}]},"16":{"line":169,"type":"binary-expr","locations":[{"start":{"line":169,"column":43},"end":{"line":169,"column":75},"skip":true},{"start":{"line":169,"column":79},"end":{"line":178,"column":9},"skip":true}]},"17":{"line":180,"type":"binary-expr","locations":[{"start":{"line":180,"column":41},"end":{"line":180,"column":71},"skip":true},{"start":{"line":180,"column":75},"end":{"line":189,"column":9},"skip":true}]}},"code":["/* istanbul instrument in package npmtest_what_input */","/*jslint","    bitwise: true,","    browser: true,","    maxerr: 8,","    maxlen: 96,","    node: true,","    nomen: true,","    regexp: true,","    stupid: true","*/","(function () {","    'use strict';","    var local;","","","","    // run shared js-env code - init-before","    (function () {","        // init local","        local = {};","        // init modeJs","        local.modeJs = (function () {","            try {","                return typeof navigator.userAgent === 'string' &&","                    typeof document.querySelector('body') === 'object' &&","                    typeof XMLHttpRequest.prototype.open === 'function' &&","                    'browser';","            } catch (errorCaughtBrowser) {","                return module.exports &&","                    typeof process.versions.node === 'string' &&","                    typeof require('http').createServer === 'function' &&","                    'node';","            }","        }());","        // init global","        local.global = local.modeJs === 'browser'","            ? window","            : global;","        switch (local.modeJs) {","        // re-init local from window.local","        case 'browser':","            local = local.global.utility2.objectSetDefault(","                local.global.utility2_rollup || local.global.local,","                local.global.utility2","            );","            break;","        // re-init local from example.js","        case 'node':","            local = (local.global.utility2_rollup || require('utility2'))","                .requireReadme();","            break;","        }","        // export local","        local.global.local = local;","    }());","","","","    // run shared js-env code - function","    (function () {","        return;","    }());","    switch (local.modeJs) {","","","","    // run browser js-env code - function","    case 'browser':","        break;","","","","    // run node js-env code - function","    case 'node':","        break;","    }","","","","    // run shared js-env code - init-after","    (function () {","        return;","    }());","    switch (local.modeJs) {","","","","    // run browser js-env code - init-after","    case 'browser':","        local.testCase_browser_nullCase = local.testCase_browser_nullCase || function (","            options,","            onError","        ) {","        /*","         * this function will test browsers's null-case handling-behavior-behavior","         */","            onError(null, options);","        };","","        // run tests","        local.nop(local.modeTest &&","            document.querySelector('#testRunButton1') &&","            document.querySelector('#testRunButton1').click());","        break;","","","","    // run node js-env code - init-after","    /* istanbul ignore next */","    case 'node':","        local.testCase_buildApidoc_default = local.testCase_buildApidoc_default || function (","            options,","            onError","        ) {","        /*","         * this function will test buildApidoc's default handling-behavior-behavior","         */","            options = { modulePathList: module.paths };","            local.buildApidoc(options, onError);","        };","","        local.testCase_buildApp_default = local.testCase_buildApp_default || function (","            options,","            onError","        ) {","        /*","         * this function will test buildApp's default handling-behavior-behavior","         */","            local.testCase_buildReadme_default(options, local.onErrorThrow);","            local.testCase_buildLib_default(options, local.onErrorThrow);","            local.testCase_buildTest_default(options, local.onErrorThrow);","            local.testCase_buildCustomOrg_default(options, local.onErrorThrow);","            options = [];","            local.buildApp(options, onError);","        };","","        local.testCase_buildCustomOrg_default = local.testCase_buildCustomOrg_default ||","            function (options, onError) {","            /*","             * this function will test buildCustomOrg's default handling-behavior","             */","                options = {};","                local.buildCustomOrg(options, onError);","            };","","        local.testCase_buildLib_default = local.testCase_buildLib_default || function (","            options,","            onError","        ) {","        /*","         * this function will test buildLib's default handling-behavior","         */","            options = {};","            local.buildLib(options, onError);","        };","","        local.testCase_buildReadme_default = local.testCase_buildReadme_default || function (","            options,","            onError","        ) {","        /*","         * this function will test buildReadme's default handling-behavior-behavior","         */","            options = {};","            local.buildReadme(options, onError);","        };","","        local.testCase_buildTest_default = local.testCase_buildTest_default || function (","            options,","            onError","        ) {","        /*","         * this function will test buildTest's default handling-behavior","         */","            options = {};","            local.buildTest(options, onError);","        };","","        local.testCase_webpage_default = local.testCase_webpage_default || function (","            options,","            onError","        ) {","        /*","         * this function will test webpage's default handling-behavior","         */","            options = { modeCoverageMerge: true, url: local.serverLocalHost + '?modeTest=1' };","            local.browserTest(options, onError);","        };","","        // run test-server","        local.testRunServer(local);","        break;","    }","}());",""],"l":{"12":2,"14":2,"19":2,"21":2,"23":2,"24":2,"25":2,"30":1,"37":2,"40":2,"43":1,"47":1,"50":1,"52":1,"55":2,"61":2,"62":2,"64":2,"70":1,"76":1,"82":2,"83":2,"85":2,"91":1,"98":1,"102":1,"105":1,"112":1,"119":1,"120":1,"123":1,"130":1,"131":1,"132":1,"133":1,"134":1,"135":1,"138":1,"143":2,"144":2,"147":1,"154":2,"155":2,"158":1,"165":2,"166":2,"169":1,"176":2,"177":2,"180":1,"187":1,"188":1,"192":1,"193":1}},"/home/travis/build/npmtest/node-npmtest-what-input/lib.npmtest_what_input.js":{"path":"/home/travis/build/npmtest/node-npmtest-what-input/lib.npmtest_what_input.js","s":{"1":2,"2":2,"3":2,"4":2,"5":2,"6":2,"7":2,"8":1,"9":2,"10":2,"11":2,"12":2,"13":1,"14":1,"15":1,"16":1},"b":{"1":[2,1,1,1],"2":[1,1,1,1],"3":[1,1],"4":[2,2],"5":[1,1]},"f":{"1":2,"2":2,"3":2},"fnMap":{"1":{"name":"(anonymous_1)","line":12,"loc":{"start":{"line":12,"column":1},"end":{"line":12,"column":13}}},"2":{"name":"(anonymous_2)","line":19,"loc":{"start":{"line":19,"column":5},"end":{"line":19,"column":17}}},"3":{"name":"(anonymous_3)","line":23,"loc":{"start":{"line":23,"column":24},"end":{"line":23,"column":36}}}},"statementMap":{"1":{"start":{"line":12,"column":0},"end":{"line":53,"column":5}},"2":{"start":{"line":14,"column":4},"end":{"line":14,"column":14}},"3":{"start":{"line":19,"column":4},"end":{"line":52,"column":9}},"4":{"start":{"line":21,"column":8},"end":{"line":21,"column":19}},"5":{"start":{"line":23,"column":8},"end":{"line":35,"column":13}},"6":{"start":{"line":24,"column":12},"end":{"line":34,"column":13}},"7":{"start":{"line":25,"column":16},"end":{"line":28,"column":30}},"8":{"start":{"line":30,"column":16},"end":{"line":33,"column":27}},"9":{"start":{"line":37,"column":8},"end":{"line":39,"column":21}},"10":{"start":{"line":41,"column":8},"end":{"line":41,"column":54}},"11":{"start":{"line":43,"column":8},"end":{"line":43,"column":55}},"12":{"start":{"line":45,"column":8},"end":{"line":51,"column":9}},"13":{"start":{"line":46,"column":12},"end":{"line":46,"column":61}},"14":{"start":{"line":48,"column":12},"end":{"line":48,"column":35}},"15":{"start":{"line":49,"column":12},"end":{"line":49,"column":49}},"16":{"start":{"line":50,"column":12},"end":{"line":50,"column":43}}},"branchMap":{"1":{"line":25,"type":"binary-expr","locations":[{"start":{"line":25,"column":23},"end":{"line":25,"column":62}},{"start":{"line":26,"column":20},"end":{"line":26,"column":70}},{"start":{"line":27,"column":20},"end":{"line":27,"column":71}},{"start":{"line":28,"column":20},"end":{"line":28,"column":29}}]},"2":{"line":30,"type":"binary-expr","locations":[{"start":{"line":30,"column":23},"end":{"line":30,"column":37}},{"start":{"line":31,"column":20},"end":{"line":31,"column":61}},{"start":{"line":32,"column":20},"end":{"line":32,"column":70}},{"start":{"line":33,"column":20},"end":{"line":33,"column":26}}]},"3":{"line":37,"type":"cond-expr","locations":[{"start":{"line":38,"column":14},"end":{"line":38,"column":20}},{"start":{"line":39,"column":14},"end":{"line":39,"column":20}}]},"4":{"line":41,"type":"binary-expr","locations":[{"start":{"line":41,"column":16},"end":{"line":41,"column":44}},{"start":{"line":41,"column":48},"end":{"line":41,"column":53}}]},"5":{"line":45,"type":"if","locations":[{"start":{"line":45,"column":8},"end":{"line":45,"column":8}},{"start":{"line":45,"column":8},"end":{"line":45,"column":8}}]}},"code":["/* istanbul instrument in package npmtest_what_input */","/*jslint","    bitwise: true,","    browser: true,","    maxerr: 8,","    maxlen: 96,","    node: true,","    nomen: true,","    regexp: true,","    stupid: true","*/","(function () {","    'use strict';","    var local;","","","","    // run shared js-env code - init-before","    (function () {","        // init local","        local = {};","        // init modeJs","        local.modeJs = (function () {","            try {","                return typeof navigator.userAgent === 'string' &&","                    typeof document.querySelector('body') === 'object' &&","                    typeof XMLHttpRequest.prototype.open === 'function' &&","                    'browser';","            } catch (errorCaughtBrowser) {","                return module.exports &&","                    typeof process.versions.node === 'string' &&","                    typeof require('http').createServer === 'function' &&","                    'node';","            }","        }());","        // init global","        local.global = local.modeJs === 'browser'","            ? window","            : global;","        // init utility2_rollup","        local = local.global.utility2_rollup || local;","        // init lib","        local.local = local.npmtest_what_input = local;","        // init exports","        if (local.modeJs === 'browser') {","            local.global.utility2_npmtest_what_input = local;","        } else {","            module.exports = local;","            module.exports.__dirname = __dirname;","            module.exports.module = module;","        }","    }());","}());",""],"l":{"12":2,"14":2,"19":2,"21":2,"23":2,"24":2,"25":2,"30":1,"37":2,"41":2,"43":2,"45":2,"46":1,"48":1,"49":1,"50":1}},"/home/travis/build/npmtest/node-npmtest-what-input/example.js":{"path":"/home/travis/build/npmtest/node-npmtest-what-input/example.js","s":{"1":2,"2":2,"3":2,"4":2,"5":2,"6":2,"7":2,"8":1,"9":2,"10":2,"11":2,"12":2,"13":1,"14":2,"15":2,"16":2,"17":2,"18":2,"19":0,"20":2,"21":1,"22":1,"23":1,"24":1,"25":1,"26":0,"27":0,"28":1,"29":1,"30":2,"31":0,"32":0,"33":0,"34":1,"35":2,"36":2,"37":3,"38":3,"39":3,"40":3,"41":0,"42":3,"43":3,"44":3,"45":1,"46":3,"47":1,"48":1,"49":1,"50":1,"51":1,"52":1,"53":1,"54":1,"55":1,"56":1,"57":0,"58":1,"59":6,"60":6,"61":1,"62":2,"63":0,"64":2,"65":1,"66":1,"67":0,"68":0,"69":0,"70":0,"71":0,"72":0,"73":0,"74":0,"75":0,"76":0,"77":0,"78":0,"79":0,"80":0,"81":0,"82":0,"83":0},"b":{"1":[2,1,1,1],"2":[1,1,1,1],"3":[1,1],"4":[2,2],"5":[1,1],"6":[1,1],"7":[2,0],"8":[2,1,1,1,1,1],"9":[0,2,0],"10":[1,1],"11":[2,1,1],"12":[1,0],"13":[0,2],"14":[2,0,0,0,0,0,0],"15":[0,3],"16":[3,0],"17":[1,1],"18":[0,1],"19":[1,2,0,2],"20":[1,0],"21":[1,1],"22":[0,0],"23":[0,0],"24":[0,0],"25":[0,0],"26":[0,0],"27":[0,0],"28":[0,0]},"f":{"1":2,"2":2,"3":2,"4":2,"5":2,"6":2,"7":3,"8":3,"9":3,"10":1,"11":6,"12":0},"fnMap":{"1":{"name":"(anonymous_1)","line":26,"loc":{"start":{"line":26,"column":1},"end":{"line":26,"column":13}}},"2":{"name":"(anonymous_2)","line":33,"loc":{"start":{"line":33,"column":5},"end":{"line":33,"column":17}}},"3":{"name":"(anonymous_3)","line":37,"loc":{"start":{"line":37,"column":24},"end":{"line":37,"column":36}}},"4":{"name":"(anonymous_4)","line":69,"loc":{"start":{"line":69,"column":31},"end":{"line":69,"column":48}},"skip":true},"5":{"name":"(anonymous_5)","line":78,"loc":{"start":{"line":78,"column":26},"end":{"line":78,"column":45}},"skip":true},"6":{"name":"(anonymous_6)","line":123,"loc":{"start":{"line":123,"column":33},"end":{"line":123,"column":48}},"skip":true},"7":{"name":"(anonymous_7)","line":125,"loc":{"start":{"line":125,"column":27},"end":{"line":125,"column":39}},"skip":true},"8":{"name":"(anonymous_8)","line":133,"loc":{"start":{"line":133,"column":59},"end":{"line":133,"column":74}},"skip":true},"9":{"name":"(anonymous_9)","line":143,"loc":{"start":{"line":143,"column":45},"end":{"line":143,"column":62}},"skip":true},"10":{"name":"(anonymous_10)","line":144,"loc":{"start":{"line":144,"column":73},"end":{"line":144,"column":92}},"skip":true},"11":{"name":"(anonymous_11)","line":272,"loc":{"start":{"line":272,"column":51},"end":{"line":272,"column":77}},"skip":true},"12":{"name":"(anonymous_12)","line":315,"loc":{"start":{"line":315,"column":32},"end":{"line":315,"column":61}},"skip":true}},"statementMap":{"1":{"start":{"line":26,"column":0},"end":{"line":326,"column":5}},"2":{"start":{"line":28,"column":4},"end":{"line":28,"column":14}},"3":{"start":{"line":33,"column":4},"end":{"line":60,"column":9}},"4":{"start":{"line":35,"column":8},"end":{"line":35,"column":19}},"5":{"start":{"line":37,"column":8},"end":{"line":49,"column":13}},"6":{"start":{"line":38,"column":12},"end":{"line":48,"column":13}},"7":{"start":{"line":39,"column":16},"end":{"line":42,"column":30}},"8":{"start":{"line":44,"column":16},"end":{"line":47,"column":27}},"9":{"start":{"line":51,"column":8},"end":{"line":53,"column":21}},"10":{"start":{"line":55,"column":8},"end":{"line":57,"column":45}},"11":{"start":{"line":59,"column":8},"end":{"line":59,"column":35}},"12":{"start":{"line":61,"column":4},"end":{"line":325,"column":5}},"13":{"start":{"line":69,"column":8},"end":{"line":121,"column":10},"skip":true},"14":{"start":{"line":70,"column":12},"end":{"line":88,"column":13},"skip":true},"15":{"start":{"line":76,"column":16},"end":{"line":87,"column":19},"skip":true},"16":{"start":{"line":79,"column":20},"end":{"line":86,"column":21},"skip":true},"17":{"start":{"line":82,"column":24},"end":{"line":82,"column":43},"skip":true},"18":{"start":{"line":83,"column":24},"end":{"line":83,"column":30},"skip":true},"19":{"start":{"line":85,"column":24},"end":{"line":85,"column":49},"skip":true},"20":{"start":{"line":89,"column":12},"end":{"line":107,"column":13},"skip":true},"21":{"start":{"line":92,"column":16},"end":{"line":102,"column":17},"skip":true},"22":{"start":{"line":93,"column":20},"end":{"line":93,"column":86},"skip":true},"23":{"start":{"line":94,"column":20},"end":{"line":95,"column":45},"skip":true},"24":{"start":{"line":96,"column":20},"end":{"line":96,"column":42},"skip":true},"25":{"start":{"line":97,"column":20},"end":{"line":97,"column":48},"skip":true},"26":{"start":{"line":100,"column":20},"end":{"line":100,"column":85},"skip":true},"27":{"start":{"line":101,"column":20},"end":{"line":101,"column":96},"skip":true},"28":{"start":{"line":103,"column":16},"end":{"line":103,"column":22},"skip":true},"29":{"start":{"line":106,"column":16},"end":{"line":106,"column":22},"skip":true},"30":{"start":{"line":108,"column":12},"end":{"line":120,"column":13},"skip":true},"31":{"start":{"line":114,"column":16},"end":{"line":119,"column":17},"skip":true},"32":{"start":{"line":116,"column":20},"end":{"line":116,"column":78},"skip":true},"33":{"start":{"line":118,"column":20},"end":{"line":118,"column":47},"skip":true},"34":{"start":{"line":123,"column":8},"end":{"line":141,"column":11},"skip":true},"35":{"start":{"line":124,"column":12},"end":{"line":124,"column":54},"skip":true},"36":{"start":{"line":125,"column":12},"end":{"line":140,"column":14},"skip":true},"37":{"start":{"line":126,"column":16},"end":{"line":126,"column":28},"skip":true},"38":{"start":{"line":127,"column":16},"end":{"line":127,"column":69},"skip":true},"39":{"start":{"line":128,"column":16},"end":{"line":128,"column":75},"skip":true},"40":{"start":{"line":129,"column":16},"end":{"line":131,"column":17},"skip":true},"41":{"start":{"line":130,"column":20},"end":{"line":130,"column":27},"skip":true},"42":{"start":{"line":133,"column":16},"end":{"line":137,"column":36},"skip":true},"43":{"start":{"line":134,"column":20},"end":{"line":136,"column":55},"skip":true},"44":{"start":{"line":139,"column":16},"end":{"line":139,"column":57},"skip":true},"45":{"start":{"line":143,"column":8},"end":{"line":147,"column":11},"skip":true},"46":{"start":{"line":144,"column":12},"end":{"line":146,"column":15},"skip":true},"47":{"start":{"line":145,"column":16},"end":{"line":145,"column":70},"skip":true},"48":{"start":{"line":149,"column":8},"end":{"line":149,"column":31},"skip":true},"49":{"start":{"line":150,"column":8},"end":{"line":150,"column":14},"skip":true},"50":{"start":{"line":158,"column":8},"end":{"line":158,"column":31},"skip":true},"51":{"start":{"line":160,"column":8},"end":{"line":160,"column":33},"skip":true},"52":{"start":{"line":161,"column":8},"end":{"line":161,"column":37},"skip":true},"53":{"start":{"line":162,"column":8},"end":{"line":162,"column":35},"skip":true},"54":{"start":{"line":164,"column":8},"end":{"line":164,"column":50},"skip":true},"55":{"start":{"line":166,"column":8},"end":{"line":256,"column":2},"skip":true},"56":{"start":{"line":258,"column":8},"end":{"line":286,"column":9},"skip":true},"57":{"start":{"line":259,"column":12},"end":{"line":269,"column":14},"skip":true},"58":{"start":{"line":271,"column":12},"end":{"line":285,"column":19},"skip":true},"59":{"start":{"line":274,"column":20},"end":{"line":274,"column":35},"skip":true},"60":{"start":{"line":275,"column":20},"end":{"line":284,"column":21},"skip":true},"61":{"start":{"line":277,"column":24},"end":{"line":277,"column":64},"skip":true},"62":{"start":{"line":279,"column":24},"end":{"line":279,"column":40},"skip":true},"63":{"start":{"line":281,"column":24},"end":{"line":281,"column":40},"skip":true},"64":{"start":{"line":283,"column":24},"end":{"line":283,"column":39},"skip":true},"65":{"start":{"line":288,"column":8},"end":{"line":290,"column":9},"skip":true},"66":{"start":{"line":289,"column":12},"end":{"line":289,"column":18},"skip":true},"67":{"start":{"line":291,"column":8},"end":{"line":293,"column":54},"skip":true},"68":{"start":{"line":296,"column":8},"end":{"line":301,"column":37},"skip":true},"69":{"start":{"line":303,"column":8},"end":{"line":303,"column":82},"skip":true},"70":{"start":{"line":306,"column":8},"end":{"line":308,"column":9},"skip":true},"71":{"start":{"line":307,"column":12},"end":{"line":307,"column":82},"skip":true},"72":{"start":{"line":310,"column":8},"end":{"line":312,"column":9},"skip":true},"73":{"start":{"line":311,"column":12},"end":{"line":311,"column":18},"skip":true},"74":{"start":{"line":313,"column":8},"end":{"line":313,"column":54},"skip":true},"75":{"start":{"line":314,"column":8},"end":{"line":314,"column":69},"skip":true},"76":{"start":{"line":315,"column":8},"end":{"line":323,"column":36},"skip":true},"77":{"start":{"line":316,"column":12},"end":{"line":316,"column":61},"skip":true},"78":{"start":{"line":317,"column":12},"end":{"line":320,"column":13},"skip":true},"79":{"start":{"line":318,"column":16},"end":{"line":318,"column":75},"skip":true},"80":{"start":{"line":319,"column":16},"end":{"line":319,"column":23},"skip":true},"81":{"start":{"line":321,"column":12},"end":{"line":321,"column":38},"skip":true},"82":{"start":{"line":322,"column":12},"end":{"line":322,"column":27},"skip":true},"83":{"start":{"line":324,"column":8},"end":{"line":324,"column":14},"skip":true}},"branchMap":{"1":{"line":39,"type":"binary-expr","locations":[{"start":{"line":39,"column":23},"end":{"line":39,"column":62}},{"start":{"line":40,"column":20},"end":{"line":40,"column":70}},{"start":{"line":41,"column":20},"end":{"line":41,"column":71}},{"start":{"line":42,"column":20},"end":{"line":42,"column":29}}]},"2":{"line":44,"type":"binary-expr","locations":[{"start":{"line":44,"column":23},"end":{"line":44,"column":37}},{"start":{"line":45,"column":20},"end":{"line":45,"column":61}},{"start":{"line":46,"column":20},"end":{"line":46,"column":70}},{"start":{"line":47,"column":20},"end":{"line":47,"column":26}}]},"3":{"line":51,"type":"cond-expr","locations":[{"start":{"line":52,"column":14},"end":{"line":52,"column":20}},{"start":{"line":53,"column":14},"end":{"line":53,"column":20}}]},"4":{"line":55,"type":"binary-expr","locations":[{"start":{"line":55,"column":16},"end":{"line":55,"column":44}},{"start":{"line":55,"column":49},"end":{"line":57,"column":43}}]},"5":{"line":55,"type":"cond-expr","locations":[{"start":{"line":56,"column":14},"end":{"line":56,"column":54}},{"start":{"line":57,"column":14},"end":{"line":57,"column":43}}]},"6":{"line":61,"type":"switch","locations":[{"start":{"line":68,"column":4},"end":{"line":150,"column":14},"skip":true},{"start":{"line":156,"column":4},"end":{"line":324,"column":14},"skip":true}]},"7":{"line":70,"type":"if","locations":[{"start":{"line":70,"column":12},"end":{"line":70,"column":12},"skip":true},{"start":{"line":70,"column":12},"end":{"line":70,"column":12},"skip":true}]},"8":{"line":70,"type":"binary-expr","locations":[{"start":{"line":70,"column":16},"end":{"line":70,"column":22},"skip":true},{"start":{"line":70,"column":27},"end":{"line":70,"column":32},"skip":true},{"start":{"line":71,"column":20},"end":{"line":71,"column":39},"skip":true},{"start":{"line":72,"column":20},"end":{"line":72,"column":49},"skip":true},{"start":{"line":73,"column":20},"end":{"line":73,"column":58},"skip":true},{"start":{"line":74,"column":20},"end":{"line":74,"column":69},"skip":true}]},"9":{"line":79,"type":"switch","locations":[{"start":{"line":80,"column":20},"end":{"line":80,"column":33},"skip":true},{"start":{"line":81,"column":20},"end":{"line":83,"column":30},"skip":true},{"start":{"line":84,"column":20},"end":{"line":85,"column":49},"skip":true}]},"10":{"line":89,"type":"switch","locations":[{"start":{"line":90,"column":12},"end":{"line":103,"column":22},"skip":true},{"start":{"line":105,"column":12},"end":{"line":106,"column":22},"skip":true}]},"11":{"line":89,"type":"binary-expr","locations":[{"start":{"line":89,"column":20},"end":{"line":89,"column":25},"skip":true},{"start":{"line":89,"column":29},"end":{"line":89,"column":48},"skip":true},{"start":{"line":89,"column":52},"end":{"line":89,"column":74},"skip":true}]},"12":{"line":92,"type":"if","locations":[{"start":{"line":92,"column":16},"end":{"line":92,"column":16},"skip":true},{"start":{"line":92,"column":16},"end":{"line":92,"column":16},"skip":true}]},"13":{"line":108,"type":"if","locations":[{"start":{"line":108,"column":12},"end":{"line":108,"column":12},"skip":true},{"start":{"line":108,"column":12},"end":{"line":108,"column":12},"skip":true}]},"14":{"line":108,"type":"binary-expr","locations":[{"start":{"line":108,"column":16},"end":{"line":108,"column":61},"skip":true},{"start":{"line":108,"column":66},"end":{"line":108,"column":72},"skip":true},{"start":{"line":108,"column":77},"end":{"line":108,"column":82},"skip":true},{"start":{"line":109,"column":20},"end":{"line":109,"column":39},"skip":true},{"start":{"line":110,"column":20},"end":{"line":110,"column":49},"skip":true},{"start":{"line":111,"column":20},"end":{"line":111,"column":58},"skip":true},{"start":{"line":112,"column":20},"end":{"line":112,"column":68},"skip":true}]},"15":{"line":129,"type":"if","locations":[{"start":{"line":129,"column":16},"end":{"line":129,"column":16},"skip":true},{"start":{"line":129,"column":16},"end":{"line":129,"column":16},"skip":true}]},"16":{"line":134,"type":"cond-expr","locations":[{"start":{"line":135,"column":26},"end":{"line":135,"column":29},"skip":true},{"start":{"line":136,"column":26},"end":{"line":136,"column":54},"skip":true}]},"17":{"line":164,"type":"binary-expr","locations":[{"start":{"line":164,"column":27},"end":{"line":164,"column":43},"skip":true},{"start":{"line":164,"column":47},"end":{"line":164,"column":49},"skip":true}]},"18":{"line":258,"type":"if","locations":[{"start":{"line":258,"column":8},"end":{"line":258,"column":8},"skip":true},{"start":{"line":258,"column":8},"end":{"line":258,"column":8},"skip":true}]},"19":{"line":275,"type":"switch","locations":[{"start":{"line":276,"column":20},"end":{"line":277,"column":64},"skip":true},{"start":{"line":278,"column":20},"end":{"line":279,"column":40},"skip":true},{"start":{"line":280,"column":20},"end":{"line":281,"column":40},"skip":true},{"start":{"line":282,"column":20},"end":{"line":283,"column":39},"skip":true}]},"20":{"line":288,"type":"if","locations":[{"start":{"line":288,"column":8},"end":{"line":288,"column":8},"skip":true},{"start":{"line":288,"column":8},"end":{"line":288,"column":8},"skip":true}]},"21":{"line":288,"type":"binary-expr","locations":[{"start":{"line":288,"column":12},"end":{"line":288,"column":40},"skip":true},{"start":{"line":288,"column":44},"end":{"line":288,"column":67},"skip":true}]},"22":{"line":292,"type":"binary-expr","locations":[{"start":{"line":292,"column":12},"end":{"line":292,"column":50},"skip":true},{"start":{"line":293,"column":12},"end":{"line":293,"column":53},"skip":true}]},"23":{"line":297,"type":"binary-expr","locations":[{"start":{"line":297,"column":12},"end":{"line":297,"column":68},"skip":true},{"start":{"line":298,"column":12},"end":{"line":301,"column":36},"skip":true}]},"24":{"line":303,"type":"binary-expr","locations":[{"start":{"line":303,"column":43},"end":{"line":303,"column":75},"skip":true},{"start":{"line":303,"column":79},"end":{"line":303,"column":81},"skip":true}]},"25":{"line":306,"type":"if","locations":[{"start":{"line":306,"column":8},"end":{"line":306,"column":8},"skip":true},{"start":{"line":306,"column":8},"end":{"line":306,"column":8},"skip":true}]},"26":{"line":310,"type":"if","locations":[{"start":{"line":310,"column":8},"end":{"line":310,"column":8},"skip":true},{"start":{"line":310,"column":8},"end":{"line":310,"column":8},"skip":true}]},"27":{"line":313,"type":"binary-expr","locations":[{"start":{"line":313,"column":27},"end":{"line":313,"column":43},"skip":true},{"start":{"line":313,"column":47},"end":{"line":313,"column":53},"skip":true}]},"28":{"line":317,"type":"if","locations":[{"start":{"line":317,"column":12},"end":{"line":317,"column":12},"skip":true},{"start":{"line":317,"column":12},"end":{"line":317,"column":12},"skip":true}]}},"code":["/*","example.js","","quickstart example","","instruction","    1. save this script as example.js","    2. run the shell command:","        $ npm install npmtest-what-input && PORT=8081 node example.js","    3. play with the browser-demo on http://127.0.0.1:8081","*/","","","","/* istanbul instrument in package npmtest_what_input */","/*jslint","    bitwise: true,","    browser: true,","    maxerr: 8,","    maxlen: 96,","    node: true,","    nomen: true,","    regexp: true,","    stupid: true","*/","(function () {","    'use strict';","    var local;","","","","    // run shared js-env code - init-before","    (function () {","        // init local","        local = {};","        // init modeJs","        local.modeJs = (function () {","            try {","                return typeof navigator.userAgent === 'string' &&","                    typeof document.querySelector('body') === 'object' &&","                    typeof XMLHttpRequest.prototype.open === 'function' &&","                    'browser';","            } catch (errorCaughtBrowser) {","                return module.exports &&","                    typeof process.versions.node === 'string' &&","                    typeof require('http').createServer === 'function' &&","                    'node';","            }","        }());","        // init global","        local.global = local.modeJs === 'browser'","            ? window","            : global;","        // init utility2_rollup","        local = local.global.utility2_rollup || (local.modeJs === 'browser'","            ? local.global.utility2_npmtest_what_input","            : global.utility2_moduleExports);","        // export local","        local.global.local = local;","    }());","    switch (local.modeJs) {","","","","    // init-after","    // run browser js-env code - init-after","    /* istanbul ignore next */","    case 'browser':","        local.testRunBrowser = function (event) {","            if (!event || (event &&","                    event.currentTarget &&","                    event.currentTarget.className &&","                    event.currentTarget.className.includes &&","                    event.currentTarget.className.includes('onreset'))) {","                // reset output","                Array.from(","                    document.querySelectorAll('body > .resettable')","                ).forEach(function (element) {","                    switch (element.tagName) {","                    case 'INPUT':","                    case 'TEXTAREA':","                        element.value = '';","                        break;","                    default:","                        element.textContent = '';","                    }","                });","            }","            switch (event && event.currentTarget && event.currentTarget.id) {","            case 'testRunButton1':","                // show tests","                if (document.querySelector('#testReportDiv1').style.display === 'none') {","                    document.querySelector('#testReportDiv1').style.display = 'block';","                    document.querySelector('#testRunButton1').textContent =","                        'hide internal test';","                    local.modeTest = true;","                    local.testRunDefault(local);","                // hide tests","                } else {","                    document.querySelector('#testReportDiv1').style.display = 'none';","                    document.querySelector('#testRunButton1').textContent = 'run internal test';","                }","                break;","            // custom-case","            default:","                break;","            }","            if (document.querySelector('#inputTextareaEval1') && (!event || (event &&","                    event.currentTarget &&","                    event.currentTarget.className &&","                    event.currentTarget.className.includes &&","                    event.currentTarget.className.includes('oneval')))) {","                // try to eval input-code","                try {","                    /*jslint evil: true*/","                    eval(document.querySelector('#inputTextareaEval1').value);","                } catch (errorCaught) {","                    console.error(errorCaught);","                }","            }","        };","        // log stderr and stdout to #outputTextareaStdout1","        ['error', 'log'].forEach(function (key) {","            console[key + '_original'] = console[key];","            console[key] = function () {","                var element;","                console[key + '_original'].apply(console, arguments);","                element = document.querySelector('#outputTextareaStdout1');","                if (!element) {","                    return;","                }","                // append text to #outputTextareaStdout1","                element.value += Array.from(arguments).map(function (arg) {","                    return typeof arg === 'string'","                        ? arg","                        : JSON.stringify(arg, null, 4);","                }).join(' ') + '\\n';","                // scroll textarea to bottom","                element.scrollTop = element.scrollHeight;","            };","        });","        // init event-handling","        ['change', 'click', 'keyup'].forEach(function (event) {","            Array.from(document.querySelectorAll('.on' + event)).forEach(function (element) {","                element.addEventListener(event, local.testRunBrowser);","            });","        });","        // run tests","        local.testRunBrowser();","        break;","","","","    // run node js-env code - init-after","    /* istanbul ignore next */","    case 'node':","        // export local","        module.exports = local;","        // require modules","        local.fs = require('fs');","        local.http = require('http');","        local.url = require('url');","        // init assets","        local.assetsDict = local.assetsDict || {};","        /* jslint-ignore-begin */","        local.assetsDict['/assets.index.template.html'] = '\\","<!doctype html>\\n\\","<html lang=\"en\">\\n\\","<head>\\n\\","<meta charset=\"UTF-8\">\\n\\","<meta name=\"viewport\" content=\"width=device-width, initial-scale=1\">\\n\\","<title>{{env.npm_package_name}} (v{{env.npm_package_version}})</title>\\n\\","<style>\\n\\","/*csslint\\n\\","    box-sizing: false,\\n\\","    universal-selector: false\\n\\","*/\\n\\","* {\\n\\","    box-sizing: border-box;\\n\\","}\\n\\","body {\\n\\","    background: #dde;\\n\\","    font-family: Arial, Helvetica, sans-serif;\\n\\","    margin: 2rem;\\n\\","}\\n\\","body > * {\\n\\","    margin-bottom: 1rem;\\n\\","}\\n\\",".utility2FooterDiv {\\n\\","    margin-top: 20px;\\n\\","    text-align: center;\\n\\","}\\n\\","</style>\\n\\","<style>\\n\\","/*csslint\\n\\","*/\\n\\","textarea {\\n\\","    font-family: monospace;\\n\\","    height: 10rem;\\n\\","    width: 100%;\\n\\","}\\n\\","textarea[readonly] {\\n\\","    background: #ddd;\\n\\","}\\n\\","</style>\\n\\","</head>\\n\\","<body>\\n\\","<!-- utility2-comment\\n\\","<div id=\"ajaxProgressDiv1\" style=\"background: #d00; height: 2px; left: 0; margin: 0; padding: 0; position: fixed; top: 0; transition: background 0.5s, width 1.5s; width: 25%;\"></div>\\n\\","utility2-comment -->\\n\\","<h1>\\n\\","<!-- utility2-comment\\n\\","    <a\\n\\","        {{#if env.npm_package_homepage}}\\n\\","        href=\"{{env.npm_package_homepage}}\"\\n\\","        {{/if env.npm_package_homepage}}\\n\\","        target=\"_blank\"\\n\\","    >\\n\\","utility2-comment -->\\n\\","        {{env.npm_package_name}} (v{{env.npm_package_version}})\\n\\","<!-- utility2-comment\\n\\","    </a>\\n\\","utility2-comment -->\\n\\","</h1>\\n\\","<h3>{{env.npm_package_description}}</h3>\\n\\","<!-- utility2-comment\\n\\","<h4><a download href=\"assets.app.js\">download standalone app</a></h4>\\n\\","<button class=\"onclick onreset\" id=\"testRunButton1\">run internal test</button><br>\\n\\","<div id=\"testReportDiv1\" style=\"display: none;\"></div>\\n\\","utility2-comment -->\\n\\","\\n\\","\\n\\","\\n\\","<label>stderr and stdout</label>\\n\\","<textarea class=\"resettable\" id=\"outputTextareaStdout1\" readonly></textarea>\\n\\","<!-- utility2-comment\\n\\","{{#if isRollup}}\\n\\","<script src=\"assets.app.js\"></script>\\n\\","{{#unless isRollup}}\\n\\","utility2-comment -->\\n\\","<script src=\"assets.utility2.rollup.js\"></script>\\n\\","<script src=\"jsonp.utility2._stateInit?callback=window.utility2._stateInit\"></script>\\n\\","<script src=\"assets.npmtest_what_input.rollup.js\"></script>\\n\\","<script src=\"assets.example.js\"></script>\\n\\","<script src=\"assets.test.js\"></script>\\n\\","<!-- utility2-comment\\n\\","{{/if isRollup}}\\n\\","utility2-comment -->\\n\\","<div class=\"utility2FooterDiv\">\\n\\","    [ this app was created with\\n\\","    <a href=\"https://github.com/kaizhu256/node-utility2\" target=\"_blank\">utility2</a>\\n\\","    ]\\n\\","</div>\\n\\","</body>\\n\\","</html>\\n\\","';","        /* jslint-ignore-end */","        if (local.templateRender) {","            local.assetsDict['/'] = local.templateRender(","                local.assetsDict['/assets.index.template.html'],","                {","                    env: local.objectSetDefault(local.env, {","                        npm_package_description: 'the greatest app in the world!',","                        npm_package_name: 'my-app',","                        npm_package_nameAlias: 'my_app',","                        npm_package_version: '0.0.1'","                    })","                }","            );","        } else {","            local.assetsDict['/'] = local.assetsDict['/assets.index.template.html']","                .replace((/\\{\\{env\\.(\\w+?)\\}\\}/g), function (match0, match1) {","                    // jslint-hack","                    String(match0);","                    switch (match1) {","                    case 'npm_package_description':","                        return 'the greatest app in the world!';","                    case 'npm_package_name':","                        return 'my-app';","                    case 'npm_package_nameAlias':","                        return 'my_app';","                    case 'npm_package_version':","                        return '0.0.1';","                    }","                });","        }","        // run the cli","        if (local.global.utility2_rollup || module !== require.main) {","            break;","        }","        local.assetsDict['/assets.example.js'] =","            local.assetsDict['/assets.example.js'] ||","            local.fs.readFileSync(__filename, 'utf8');","        // bug-workaround - long $npm_package_buildCustomOrg","        /* jslint-ignore-begin */","        local.assetsDict['/assets.npmtest_what_input.rollup.js'] =","            local.assetsDict['/assets.npmtest_what_input.rollup.js'] ||","            local.fs.readFileSync(","                local.npmtest_what_input.__dirname + '/lib.npmtest_what_input.js',","                'utf8'","            ).replace((/^#!/), '//');","        /* jslint-ignore-end */","        local.assetsDict['/favicon.ico'] = local.assetsDict['/favicon.ico'] || '';","        // if $npm_config_timeout_exit exists,","        // then exit this process after $npm_config_timeout_exit ms","        if (Number(process.env.npm_config_timeout_exit)) {","            setTimeout(process.exit, Number(process.env.npm_config_timeout_exit));","        }","        // start server","        if (local.global.utility2_serverHttp1) {","            break;","        }","        process.env.PORT = process.env.PORT || '8081';","        console.error('server starting on port ' + process.env.PORT);","        local.http.createServer(function (request, response) {","            request.urlParsed = local.url.parse(request.url);","            if (local.assetsDict[request.urlParsed.pathname] !== undefined) {","                response.end(local.assetsDict[request.urlParsed.pathname]);","                return;","            }","            response.statusCode = 404;","            response.end();","        }).listen(process.env.PORT);","        break;","    }","}());",""],"l":{"26":2,"28":2,"33":2,"35":2,"37":2,"38":2,"39":2,"44":1,"51":2,"55":2,"59":2,"61":2,"69":1,"70":2,"76":2,"79":2,"82":2,"83":2,"85":1,"89":2,"92":1,"93":1,"94":1,"96":1,"97":1,"100":1,"101":1,"103":1,"106":1,"108":2,"114":1,"116":1,"118":1,"123":1,"124":2,"125":2,"126":3,"127":3,"128":3,"129":3,"130":1,"133":3,"134":3,"139":3,"143":1,"144":3,"145":1,"149":1,"150":1,"158":1,"160":1,"161":1,"162":1,"164":1,"166":1,"258":1,"259":1,"271":1,"274":6,"275":6,"277":1,"279":2,"281":1,"283":2,"288":1,"289":1,"291":1,"296":1,"303":1,"306":1,"307":1,"310":1,"311":1,"313":1,"314":1,"315":1,"316":1,"317":1,"318":1,"319":1,"321":1,"322":1,"324":1}},"/home/travis/build/npmtest/node-npmtest-what-input/node_modules/what-input/dist/what-input.js":{"path":"/home/travis/build/npmtest/node-npmtest-what-input/node_modules/what-input/dist/what-input.js","s":{"1":2,"2":2,"3":2,"4":0,"5":0,"6":0,"7":0,"8":0,"9":2,"10":2,"11":1,"12":2,"13":0,"14":2,"15":2,"16":0,"17":0,"18":2,"19":2,"20":2,"21":2,"22":2,"23":2,"24":0,"25":0,"26":0,"27":0,"28":0,"29":0,"30":0,"31":0,"32":0,"33":0,"34":0,"35":0,"36":0,"37":0,"38":0,"39":0,"40":0,"41":0,"42":0,"43":0,"44":0,"45":0,"46":0,"47":0,"48":0,"49":0,"50":0,"51":0,"52":0,"53":0,"54":0,"55":0,"56":0,"57":0,"58":0,"59":0,"60":0,"61":0,"62":0,"63":0,"64":0,"65":0,"66":0,"67":0,"68":0,"69":0,"70":0,"71":0,"72":0,"73":0,"74":0,"75":0,"76":0,"77":0,"78":0,"79":0,"80":0,"81":0,"82":0,"83":0,"84":0,"85":0,"86":0,"87":0,"88":0,"89":0,"90":0,"91":0,"92":0,"93":0,"94":0,"95":0,"96":0,"97":0,"98":0,"99":0,"100":0,"101":0,"102":0,"103":0,"104":0,"105":0},"b":{"1":[2,0],"2":[2,2],"3":[0,0],"4":[0,0],"5":[0,0],"6":[0,2],"7":[0,0],"8":[0,0],"9":[0,0],"10":[0,0],"11":[0,0],"12":[0,0],"13":[0,0],"14":[0,0],"15":[0,0,0],"16":[0,0],"17":[0,0,0,0,0],"18":[0,0],"19":[0,0],"20":[0,0],"21":[0,0],"22":[0,0],"23":[0,0],"24":[0,0],"25":[0,0],"26":[0,0],"27":[0,0],"28":[0,0],"29":[0,0],"30":[0,0],"31":[0,0],"32":[0,0]},"f":{"1":2,"2":2,"3":2,"4":2,"5":2,"6":2,"7":0,"8":0,"9":0,"10":0,"11":0,"12":0,"13":0,"14":0,"15":0,"16":0},"fnMap":{"1":{"name":"webpackUniversalModuleDefinition","line":7,"loc":{"start":{"line":7,"column":1},"end":{"line":7,"column":58}}},"2":{"name":"(anonymous_2)","line":16,"loc":{"start":{"line":16,"column":9},"end":{"line":16,"column":20}}},"3":{"name":"(anonymous_3)","line":17,"loc":{"start":{"line":17,"column":17},"end":{"line":17,"column":35}}},"4":{"name":"__webpack_require__","line":22,"loc":{"start":{"line":22,"column":10},"end":{"line":22,"column":49}}},"5":{"name":"(anonymous_5)","line":61,"loc":{"start":{"line":61,"column":6},"end":{"line":61,"column":32}}},"6":{"name":"(anonymous_6)","line":65,"loc":{"start":{"line":65,"column":18},"end":{"line":65,"column":30}}},"7":{"name":"setUp","line":129,"loc":{"start":{"line":129,"column":15},"end":{"line":129,"column":32}}},"8":{"name":"addListeners","line":141,"loc":{"start":{"line":141,"column":22},"end":{"line":141,"column":46}}},"9":{"name":"updateInput","line":174,"loc":{"start":{"line":174,"column":21},"end":{"line":174,"column":49}}},"10":{"name":"setInput","line":206,"loc":{"start":{"line":206,"column":18},"end":{"line":206,"column":38}}},"11":{"name":"setIntent","line":217,"loc":{"start":{"line":217,"column":19},"end":{"line":217,"column":45}}},"12":{"name":"touchBuffer","line":244,"loc":{"start":{"line":244,"column":21},"end":{"line":244,"column":49}}},"13":{"name":"pointerType","line":259,"loc":{"start":{"line":259,"column":21},"end":{"line":259,"column":49}}},"14":{"name":"detectWheel","line":270,"loc":{"start":{"line":270,"column":21},"end":{"line":270,"column":44}}},"15":{"name":"ask","line":304,"loc":{"start":{"line":304,"column":10},"end":{"line":304,"column":28}}},"16":{"name":"types","line":309,"loc":{"start":{"line":309,"column":12},"end":{"line":309,"column":29}}}},"statementMap":{"1":{"start":{"line":7,"column":0},"end":{"line":317,"column":3}},"2":{"start":{"line":8,"column":1},"end":{"line":15,"column":32}},"3":{"start":{"line":9,"column":2},"end":{"line":9,"column":29}},"4":{"start":{"line":10,"column":6},"end":{"line":15,"column":32}},"5":{"start":{"line":11,"column":2},"end":{"line":11,"column":35}},"6":{"start":{"line":12,"column":6},"end":{"line":15,"column":32}},"7":{"start":{"line":13,"column":2},"end":{"line":13,"column":35}},"8":{"start":{"line":15,"column":2},"end":{"line":15,"column":32}},"9":{"start":{"line":17,"column":0},"end":{"line":316,"column":11}},"10":{"start":{"line":19,"column":10},"end":{"line":19,"column":36}},"11":{"start":{"line":22,"column":10},"end":{"line":43,"column":11}},"12":{"start":{"line":25,"column":11},"end":{"line":26,"column":54}},"13":{"start":{"line":26,"column":12},"end":{"line":26,"column":54}},"14":{"start":{"line":29,"column":11},"end":{"line":33,"column":13}},"15":{"start":{"line":36,"column":11},"end":{"line":36,"column":95}},"16":{"start":{"line":39,"column":11},"end":{"line":39,"column":32}},"17":{"start":{"line":42,"column":11},"end":{"line":42,"column":33}},"18":{"start":{"line":47,"column":10},"end":{"line":47,"column":42}},"19":{"start":{"line":50,"column":10},"end":{"line":50,"column":51}},"20":{"start":{"line":53,"column":10},"end":{"line":53,"column":37}},"21":{"start":{"line":56,"column":10},"end":{"line":56,"column":40}},"22":{"start":{"line":65,"column":1},"end":{"line":313,"column":5}},"23":{"start":{"line":71,"column":3},"end":{"line":71,"column":42}},"24":{"start":{"line":74,"column":3},"end":{"line":74,"column":32}},"25":{"start":{"line":77,"column":3},"end":{"line":77,"column":28}},"26":{"start":{"line":80,"column":3},"end":{"line":80,"column":52}},"27":{"start":{"line":84,"column":3},"end":{"line":89,"column":5}},"28":{"start":{"line":92,"column":3},"end":{"line":101,"column":5}},"29":{"start":{"line":104,"column":3},"end":{"line":104,"column":23}},"30":{"start":{"line":107,"column":3},"end":{"line":107,"column":27}},"31":{"start":{"line":110,"column":3},"end":{"line":110,"column":27}},"32":{"start":{"line":113,"column":3},"end":{"line":116,"column":5}},"33":{"start":{"line":119,"column":3},"end":{"line":123,"column":5}},"34":{"start":{"line":129,"column":3},"end":{"line":135,"column":5}},"35":{"start":{"line":131,"column":5},"end":{"line":131,"column":39}},"36":{"start":{"line":133,"column":5},"end":{"line":133,"column":20}},"37":{"start":{"line":134,"column":5},"end":{"line":134,"column":16}},"38":{"start":{"line":141,"column":3},"end":{"line":171,"column":5}},"39":{"start":{"line":147,"column":5},"end":{"line":163,"column":6}},"40":{"start":{"line":148,"column":7},"end":{"line":148,"column":60}},"41":{"start":{"line":149,"column":7},"end":{"line":149,"column":58}},"42":{"start":{"line":150,"column":12},"end":{"line":163,"column":6}},"43":{"start":{"line":151,"column":7},"end":{"line":151,"column":62}},"44":{"start":{"line":152,"column":7},"end":{"line":152,"column":60}},"45":{"start":{"line":155,"column":7},"end":{"line":155,"column":58}},"46":{"start":{"line":156,"column":7},"end":{"line":156,"column":56}},"47":{"start":{"line":159,"column":7},"end":{"line":162,"column":8}},"48":{"start":{"line":160,"column":9},"end":{"line":160,"column":61}},"49":{"start":{"line":161,"column":9},"end":{"line":161,"column":59}},"50":{"start":{"line":166,"column":5},"end":{"line":166,"column":56}},"51":{"start":{"line":169,"column":5},"end":{"line":169,"column":54}},"52":{"start":{"line":170,"column":5},"end":{"line":170,"column":52}},"53":{"start":{"line":174,"column":3},"end":{"line":203,"column":5}},"54":{"start":{"line":176,"column":5},"end":{"line":202,"column":6}},"55":{"start":{"line":177,"column":7},"end":{"line":177,"column":34}},"56":{"start":{"line":178,"column":7},"end":{"line":178,"column":40}},"57":{"start":{"line":179,"column":7},"end":{"line":179,"column":59}},"58":{"start":{"line":179,"column":32},"end":{"line":179,"column":59}},"59":{"start":{"line":181,"column":7},"end":{"line":201,"column":8}},"60":{"start":{"line":182,"column":9},"end":{"line":182,"column":49}},"61":{"start":{"line":183,"column":9},"end":{"line":183,"column":33}},"62":{"start":{"line":185,"column":9},"end":{"line":187,"column":10}},"63":{"start":{"line":186,"column":11},"end":{"line":186,"column":30}},"64":{"start":{"line":189,"column":9},"end":{"line":200,"column":10}},"65":{"start":{"line":197,"column":11},"end":{"line":197,"column":48}},"66":{"start":{"line":199,"column":11},"end":{"line":199,"column":22}},"67":{"start":{"line":206,"column":3},"end":{"line":214,"column":5}},"68":{"start":{"line":207,"column":5},"end":{"line":207,"column":58}},"69":{"start":{"line":208,"column":5},"end":{"line":208,"column":59}},"70":{"start":{"line":210,"column":5},"end":{"line":213,"column":6}},"71":{"start":{"line":211,"column":7},"end":{"line":211,"column":37}},"72":{"start":{"line":212,"column":7},"end":{"line":212,"column":63}},"73":{"start":{"line":217,"column":3},"end":{"line":241,"column":5}},"74":{"start":{"line":220,"column":5},"end":{"line":227,"column":6}},"75":{"start":{"line":221,"column":7},"end":{"line":221,"column":27}},"76":{"start":{"line":223,"column":7},"end":{"line":223,"column":37}},"77":{"start":{"line":224,"column":7},"end":{"line":224,"column":37}},"78":{"start":{"line":226,"column":7},"end":{"line":226,"column":26}},"79":{"start":{"line":231,"column":5},"end":{"line":240,"column":6}},"80":{"start":{"line":232,"column":7},"end":{"line":232,"column":40}},"81":{"start":{"line":233,"column":7},"end":{"line":233,"column":59}},"82":{"start":{"line":233,"column":32},"end":{"line":233,"column":59}},"83":{"start":{"line":235,"column":7},"end":{"line":239,"column":8}},"84":{"start":{"line":236,"column":9},"end":{"line":236,"column":31}},"85":{"start":{"line":238,"column":9},"end":{"line":238,"column":64}},"86":{"start":{"line":244,"column":3},"end":{"line":253,"column":5}},"87":{"start":{"line":245,"column":5},"end":{"line":252,"column":6}},"88":{"start":{"line":246,"column":7},"end":{"line":246,"column":27}},"89":{"start":{"line":249,"column":7},"end":{"line":249,"column":26}},"90":{"start":{"line":251,"column":7},"end":{"line":251,"column":26}},"91":{"start":{"line":259,"column":3},"end":{"line":266,"column":5}},"92":{"start":{"line":260,"column":5},"end":{"line":265,"column":6}},"93":{"start":{"line":261,"column":7},"end":{"line":261,"column":44}},"94":{"start":{"line":264,"column":7},"end":{"line":264,"column":72}},"95":{"start":{"line":270,"column":3},"end":{"line":283,"column":5}},"96":{"start":{"line":271,"column":5},"end":{"line":271,"column":28}},"97":{"start":{"line":274,"column":5},"end":{"line":280,"column":6}},"98":{"start":{"line":275,"column":7},"end":{"line":275,"column":27}},"99":{"start":{"line":279,"column":7},"end":{"line":279,"column":89}},"100":{"start":{"line":282,"column":5},"end":{"line":282,"column":22}},"101":{"start":{"line":291,"column":3},"end":{"line":293,"column":4}},"102":{"start":{"line":292,"column":5},"end":{"line":292,"column":13}},"103":{"start":{"line":299,"column":3},"end":{"line":312,"column":5}},"104":{"start":{"line":305,"column":7},"end":{"line":305,"column":61}},"105":{"start":{"line":310,"column":7},"end":{"line":310,"column":25}}},"branchMap":{"1":{"line":8,"type":"if","locations":[{"start":{"line":8,"column":1},"end":{"line":8,"column":1}},{"start":{"line":8,"column":1},"end":{"line":8,"column":1}}]},"2":{"line":8,"type":"binary-expr","locations":[{"start":{"line":8,"column":4},"end":{"line":8,"column":31}},{"start":{"line":8,"column":35},"end":{"line":8,"column":61}}]},"3":{"line":10,"type":"if","locations":[{"start":{"line":10,"column":6},"end":{"line":10,"column":6}},{"start":{"line":10,"column":6},"end":{"line":10,"column":6}}]},"4":{"line":10,"type":"binary-expr","locations":[{"start":{"line":10,"column":9},"end":{"line":10,"column":37}},{"start":{"line":10,"column":41},"end":{"line":10,"column":51}}]},"5":{"line":12,"type":"if","locations":[{"start":{"line":12,"column":6},"end":{"line":12,"column":6}},{"start":{"line":12,"column":6},"end":{"line":12,"column":6}}]},"6":{"line":25,"type":"if","locations":[{"start":{"line":25,"column":11},"end":{"line":25,"column":11}},{"start":{"line":25,"column":11},"end":{"line":25,"column":11}}]},"7":{"line":147,"type":"if","locations":[{"start":{"line":147,"column":5},"end":{"line":147,"column":5}},{"start":{"line":147,"column":5},"end":{"line":147,"column":5}}]},"8":{"line":150,"type":"if","locations":[{"start":{"line":150,"column":12},"end":{"line":150,"column":12}},{"start":{"line":150,"column":12},"end":{"line":150,"column":12}}]},"9":{"line":159,"type":"if","locations":[{"start":{"line":159,"column":7},"end":{"line":159,"column":7}},{"start":{"line":159,"column":7},"end":{"line":159,"column":7}}]},"10":{"line":176,"type":"if","locations":[{"start":{"line":176,"column":5},"end":{"line":176,"column":5}},{"start":{"line":176,"column":5},"end":{"line":176,"column":5}}]},"11":{"line":179,"type":"if","locations":[{"start":{"line":179,"column":7},"end":{"line":179,"column":7}},{"start":{"line":179,"column":7},"end":{"line":179,"column":7}}]},"12":{"line":181,"type":"if","locations":[{"start":{"line":181,"column":7},"end":{"line":181,"column":7}},{"start":{"line":181,"column":7},"end":{"line":181,"column":7}}]},"13":{"line":181,"type":"binary-expr","locations":[{"start":{"line":181,"column":11},"end":{"line":181,"column":33}},{"start":{"line":181,"column":37},"end":{"line":181,"column":60}}]},"14":{"line":185,"type":"if","locations":[{"start":{"line":185,"column":9},"end":{"line":185,"column":9}},{"start":{"line":185,"column":9},"end":{"line":185,"column":9}}]},"15":{"line":185,"type":"binary-expr","locations":[{"start":{"line":185,"column":13},"end":{"line":185,"column":23}},{"start":{"line":185,"column":27},"end":{"line":185,"column":46}},{"start":{"line":185,"column":50},"end":{"line":185,"column":110}}]},"16":{"line":189,"type":"if","locations":[{"start":{"line":189,"column":9},"end":{"line":189,"column":9}},{"start":{"line":189,"column":9},"end":{"line":189,"column":9}}]},"17":{"line":189,"type":"binary-expr","locations":[{"start":{"line":189,"column":13},"end":{"line":189,"column":30}},{"start":{"line":192,"column":9},"end":{"line":192,"column":26}},{"start":{"line":192,"column":30},"end":{"line":192,"column":64}},{"start":{"line":195,"column":9},"end":{"line":195,"column":29}},{"start":{"line":195,"column":33},"end":{"line":195,"column":44}}]},"18":{"line":210,"type":"if","locations":[{"start":{"line":210,"column":5},"end":{"line":210,"column":5}},{"start":{"line":210,"column":5},"end":{"line":210,"column":5}}]},"19":{"line":220,"type":"if","locations":[{"start":{"line":220,"column":5},"end":{"line":220,"column":5}},{"start":{"line":220,"column":5},"end":{"line":220,"column":5}}]},"20":{"line":220,"type":"binary-expr","locations":[{"start":{"line":220,"column":9},"end":{"line":220,"column":40}},{"start":{"line":220,"column":44},"end":{"line":220,"column":75}}]},"21":{"line":231,"type":"if","locations":[{"start":{"line":231,"column":5},"end":{"line":231,"column":5}},{"start":{"line":231,"column":5},"end":{"line":231,"column":5}}]},"22":{"line":231,"type":"binary-expr","locations":[{"start":{"line":231,"column":9},"end":{"line":231,"column":21}},{"start":{"line":231,"column":25},"end":{"line":231,"column":37}}]},"23":{"line":233,"type":"if","locations":[{"start":{"line":233,"column":7},"end":{"line":233,"column":7}},{"start":{"line":233,"column":7},"end":{"line":233,"column":7}}]},"24":{"line":235,"type":"if","locations":[{"start":{"line":235,"column":7},"end":{"line":235,"column":7}},{"start":{"line":235,"column":7},"end":{"line":235,"column":7}}]},"25":{"line":245,"type":"if","locations":[{"start":{"line":245,"column":5},"end":{"line":245,"column":5}},{"start":{"line":245,"column":5},"end":{"line":245,"column":5}}]},"26":{"line":260,"type":"if","locations":[{"start":{"line":260,"column":5},"end":{"line":260,"column":5}},{"start":{"line":260,"column":5},"end":{"line":260,"column":5}}]},"27":{"line":264,"type":"cond-expr","locations":[{"start":{"line":264,"column":44},"end":{"line":264,"column":51}},{"start":{"line":264,"column":54},"end":{"line":264,"column":71}}]},"28":{"line":274,"type":"if","locations":[{"start":{"line":274,"column":5},"end":{"line":274,"column":5}},{"start":{"line":274,"column":5},"end":{"line":274,"column":5}}]},"29":{"line":279,"type":"cond-expr","locations":[{"start":{"line":279,"column":57},"end":{"line":279,"column":69}},{"start":{"line":279,"column":72},"end":{"line":279,"column":88}}]},"30":{"line":291,"type":"if","locations":[{"start":{"line":291,"column":3},"end":{"line":291,"column":3}},{"start":{"line":291,"column":3},"end":{"line":291,"column":3}}]},"31":{"line":291,"type":"binary-expr","locations":[{"start":{"line":291,"column":7},"end":{"line":291,"column":35}},{"start":{"line":291,"column":39},"end":{"line":291,"column":62}}]},"32":{"line":305,"type":"cond-expr","locations":[{"start":{"line":305,"column":32},"end":{"line":305,"column":45}},{"start":{"line":305,"column":48},"end":{"line":305,"column":60}}]}},"code":["/**"," * what-input - A global utility for tracking the current input method (mouse, keyboard or touch)."," * @version v4.1.1"," * @link https://github.com/ten1seven/what-input"," * @license MIT"," */","(function webpackUniversalModuleDefinition(root, factory) {","\tif(typeof exports === 'object' && typeof module === 'object')","\t\tmodule.exports = factory();","\telse if(typeof define === 'function' && define.amd)","\t\tdefine(\"whatInput\", [], factory);","\telse if(typeof exports === 'object')","\t\texports[\"whatInput\"] = factory();","\telse","\t\troot[\"whatInput\"] = factory();","})(this, function() {","return /******/ (function(modules) { // webpackBootstrap","/******/ \t// The module cache","/******/ \tvar installedModules = {};","","/******/ \t// The require function","/******/ \tfunction __webpack_require__(moduleId) {","","/******/ \t\t// Check if module is in cache","/******/ \t\tif(installedModules[moduleId])","/******/ \t\t\treturn installedModules[moduleId].exports;","","/******/ \t\t// Create a new module (and put it into the cache)","/******/ \t\tvar module = installedModules[moduleId] = {","/******/ \t\t\texports: {},","/******/ \t\t\tid: moduleId,","/******/ \t\t\tloaded: false","/******/ \t\t};","","/******/ \t\t// Execute the module function","/******/ \t\tmodules[moduleId].call(module.exports, module, module.exports, __webpack_require__);","","/******/ \t\t// Flag the module as loaded","/******/ \t\tmodule.loaded = true;","","/******/ \t\t// Return the exports of the module","/******/ \t\treturn module.exports;","/******/ \t}","","","/******/ \t// expose the modules object (__webpack_modules__)","/******/ \t__webpack_require__.m = modules;","","/******/ \t// expose the module cache","/******/ \t__webpack_require__.c = installedModules;","","/******/ \t// __webpack_public_path__","/******/ \t__webpack_require__.p = \"\";","","/******/ \t// Load entry module and return exports","/******/ \treturn __webpack_require__(0);","/******/ })","/************************************************************************/","/******/ ([","/* 0 */","/***/ function(module, exports) {","","\t'use strict';","","\tmodule.exports = function () {","\t  /*","\t   * variables","\t   */","","\t  // cache document.documentElement","\t  var docElem = document.documentElement;","","\t  // last used input type","\t  var currentInput = 'initial';","","\t  // last used input intent","\t  var currentIntent = null;","","\t  // form input types","\t  var formInputs = ['input', 'select', 'textarea'];","","\t  // list of modifier keys commonly used with the mouse and","\t  // can be safely ignored to prevent false keyboard detection","\t  var ignoreMap = [16, // shift","\t  17, // control","\t  18, // alt","\t  91, // Windows key / left Apple cmd","\t  93 // Windows menu / right Apple cmd","\t  ];","","\t  // mapping of events to input types","\t  var inputMap = {","\t    'keyup': 'keyboard',","\t    'mousedown': 'mouse',","\t    'mousemove': 'mouse',","\t    'MSPointerDown': 'pointer',","\t    'MSPointerMove': 'pointer',","\t    'pointerdown': 'pointer',","\t    'pointermove': 'pointer',","\t    'touchstart': 'touch'","\t  };","","\t  // array of all used input types","\t  var inputTypes = [];","","\t  // boolean: true if touch buffer is active","\t  var isBuffering = false;","","\t  // boolean: true if the page is being scrolled","\t  var isScrolling = false;","","\t  // store current mouse position","\t  var mousePos = {","\t    'x': null,","\t    'y': null","\t  };","","\t  // map of IE 10 pointer events","\t  var pointerMap = {","\t    2: 'touch',","\t    3: 'touch', // treat pen like touch","\t    4: 'mouse'","\t  };","","\t  /*","\t   * set up","\t   */","","\t  var setUp = function setUp() {","\t    // add correct mouse wheel event mapping to `inputMap`","\t    inputMap[detectWheel()] = 'mouse';","","\t    addListeners();","\t    setInput();","\t  };","","\t  /*","\t   * events","\t   */","","\t  var addListeners = function addListeners() {","\t    // `pointermove`, `MSPointerMove`, `mousemove` and mouse wheel event binding","\t    // can only demonstrate potential, but not actual, interaction","\t    // and are treated separately","","\t    // pointer events (mouse, pen, touch)","\t    if (window.PointerEvent) {","\t      docElem.addEventListener('pointerdown', updateInput);","\t      docElem.addEventListener('pointermove', setIntent);","\t    } else if (window.MSPointerEvent) {","\t      docElem.addEventListener('MSPointerDown', updateInput);","\t      docElem.addEventListener('MSPointerMove', setIntent);","\t    } else {","\t      // mouse events","\t      docElem.addEventListener('mousedown', updateInput);","\t      docElem.addEventListener('mousemove', setIntent);","","\t      // touch events","\t      if ('ontouchstart' in window) {","\t        docElem.addEventListener('touchstart', touchBuffer);","\t        docElem.addEventListener('touchend', touchBuffer);","\t      }","\t    }","","\t    // mouse wheel","\t    docElem.addEventListener(detectWheel(), setIntent);","","\t    // keyboard events","\t    docElem.addEventListener('keydown', updateInput);","\t    docElem.addEventListener('keyup', updateInput);","\t  };","","\t  // checks conditions before updating new input","\t  var updateInput = function updateInput(event) {","\t    // only execute if the touch buffer timer isn't running","\t    if (!isBuffering) {","\t      var eventKey = event.which;","\t      var value = inputMap[event.type];","\t      if (value === 'pointer') value = pointerType(event);","","\t      if (currentInput !== value || currentIntent !== value) {","\t        var activeElem = document.activeElement;","\t        var activeInput = false;","","\t        if (activeElem && activeElem.nodeName && formInputs.indexOf(activeElem.nodeName.toLowerCase()) === -1) {","\t          activeInput = true;","\t        }","","\t        if (value === 'touch' ||","","\t        // ignore mouse modifier keys","\t        value === 'mouse' && ignoreMap.indexOf(eventKey) === -1 ||","","\t        // don't switch if the current element is a form input","\t        value === 'keyboard' && activeInput) {","\t          // set the current and catch-all variable","\t          currentInput = currentIntent = value;","","\t          setInput();","\t        }","\t      }","\t    }","\t  };","","\t  // updates the doc and `inputTypes` array with new input","\t  var setInput = function setInput() {","\t    docElem.setAttribute('data-whatinput', currentInput);","\t    docElem.setAttribute('data-whatintent', currentInput);","","\t    if (inputTypes.indexOf(currentInput) === -1) {","\t      inputTypes.push(currentInput);","\t      docElem.className += ' whatinput-types-' + currentInput;","\t    }","\t  };","","\t  // updates input intent for `mousemove` and `pointermove`","\t  var setIntent = function setIntent(event) {","\t    // test to see if `mousemove` happened relative to the screen","\t    // to detect scrolling versus mousemove","\t    if (mousePos['x'] !== event.screenX || mousePos['y'] !== event.screenY) {","\t      isScrolling = false;","","\t      mousePos['x'] = event.screenX;","\t      mousePos['y'] = event.screenY;","\t    } else {","\t      isScrolling = true;","\t    }","","\t    // only execute if the touch buffer timer isn't running","\t    // or scrolling isn't happening","\t    if (!isBuffering && !isScrolling) {","\t      var value = inputMap[event.type];","\t      if (value === 'pointer') value = pointerType(event);","","\t      if (currentIntent !== value) {","\t        currentIntent = value;","","\t        docElem.setAttribute('data-whatintent', currentIntent);","\t      }","\t    }","\t  };","","\t  // buffers touch events because they frequently also fire mouse events","\t  var touchBuffer = function touchBuffer(event) {","\t    if (event.type === 'touchstart') {","\t      isBuffering = false;","","\t      // set the current input","\t      updateInput(event);","\t    } else {","\t      isBuffering = true;","\t    }","\t  };","","\t  /*","\t   * utilities","\t   */","","\t  var pointerType = function pointerType(event) {","\t    if (typeof event.pointerType === 'number') {","\t      return pointerMap[event.pointerType];","\t    } else {","\t      // treat pen like touch","\t      return event.pointerType === 'pen' ? 'touch' : event.pointerType;","\t    }","\t  };","","\t  // detect version of mouse wheel event to use","\t  // via https://developer.mozilla.org/en-US/docs/Web/Events/wheel","\t  var detectWheel = function detectWheel() {","\t    var wheelType = void 0;","","\t    // Modern browsers support \"wheel\"","\t    if ('onwheel' in document.createElement('div')) {","\t      wheelType = 'wheel';","\t    } else {","\t      // Webkit and IE support at least \"mousewheel\"","\t      // or assume that remaining browsers are older Firefox","\t      wheelType = document.onmousewheel !== undefined ? 'mousewheel' : 'DOMMouseScroll';","\t    }","","\t    return wheelType;","\t  };","","\t  /*","\t   * init","\t   */","","\t  // don't start script unless browser cuts the mustard","\t  // (also passes if polyfills are used)","\t  if ('addEventListener' in window && Array.prototype.indexOf) {","\t    setUp();","\t  }","","\t  /*","\t   * api","\t   */","","\t  return {","\t    // returns string: the current input type","\t    // opt: 'loose'|'strict'","\t    // 'strict' (default): returns the same value as the `data-whatinput` attribute","\t    // 'loose': includes `data-whatintent` value if it's more current than `data-whatinput`","\t    ask: function ask(opt) {","\t      return opt === 'loose' ? currentIntent : currentInput;","\t    },","","\t    // returns array: all the detected input types","\t    types: function types() {","\t      return inputTypes;","\t    }","\t  };","\t}();","","/***/ }","/******/ ])","});",";"],"l":{"7":2,"8":2,"9":2,"10":0,"11":0,"12":0,"13":0,"15":0,"17":2,"19":2,"22":1,"25":2,"26":0,"29":2,"36":2,"39":0,"42":0,"47":2,"50":2,"53":2,"56":2,"65":2,"71":2,"74":0,"77":0,"80":0,"84":0,"92":0,"104":0,"107":0,"110":0,"113":0,"119":0,"129":0,"131":0,"133":0,"134":0,"141":0,"147":0,"148":0,"149":0,"150":0,"151":0,"152":0,"155":0,"156":0,"159":0,"160":0,"161":0,"166":0,"169":0,"170":0,"174":0,"176":0,"177":0,"178":0,"179":0,"181":0,"182":0,"183":0,"185":0,"186":0,"189":0,"197":0,"199":0,"206":0,"207":0,"208":0,"210":0,"211":0,"212":0,"217":0,"220":0,"221":0,"223":0,"224":0,"226":0,"231":0,"232":0,"233":0,"235":0,"236":0,"238":0,"244":0,"245":0,"246":0,"249":0,"251":0,"259":0,"260":0,"261":0,"264":0,"270":0,"271":0,"274":0,"275":0,"279":0,"282":0,"291":0,"292":0,"299":0,"305":0,"310":0}},"/home/travis/build/npmtest/node-npmtest-what-input/node_modules/what-input/Gulpfile.js":{"path":"/home/travis/build/npmtest/node-npmtest-what-input/node_modules/what-input/Gulpfile.js","s":{"1":2,"2":2,"3":0,"4":0,"5":0,"6":0,"7":0,"8":0,"9":0,"10":0,"11":0,"12":0,"13":0,"14":0,"15":0,"16":0,"17":0,"18":0,"19":0,"20":0,"21":0,"22":0,"23":0,"24":0,"25":0,"26":0},"b":{},"f":{},"fnMap":{},"statementMap":{"1":{"start":{"line":1,"column":0},"end":{"line":7,"column":16}},"2":{"start":{"line":8,"column":0},"end":{"line":8,"column":52}},"3":{"start":{"line":9,"column":0},"end":{"line":9,"column":42}},"4":{"start":{"line":10,"column":0},"end":{"line":10,"column":34}},"5":{"start":{"line":11,"column":0},"end":{"line":11,"column":35}},"6":{"start":{"line":12,"column":0},"end":{"line":12,"column":42}},"7":{"start":{"line":13,"column":0},"end":{"line":13,"column":42}},"8":{"start":{"line":14,"column":0},"end":{"line":14,"column":45}},"9":{"start":{"line":15,"column":0},"end":{"line":15,"column":43}},"10":{"start":{"line":16,"column":0},"end":{"line":16,"column":42}},"11":{"start":{"line":17,"column":0},"end":{"line":17,"column":43}},"12":{"start":{"line":18,"column":0},"end":{"line":18,"column":44}},"13":{"start":{"line":19,"column":0},"end":{"line":19,"column":42}},"14":{"start":{"line":20,"column":0},"end":{"line":20,"column":45}},"15":{"start":{"line":26,"column":0},"end":{"line":28,"column":2}},"16":{"start":{"line":27,"column":2},"end":{"line":27,"column":30}},"17":{"start":{"line":34,"column":0},"end":{"line":70,"column":2}},"18":{"start":{"line":35,"column":2},"end":{"line":69,"column":35}},"19":{"start":{"line":72,"column":0},"end":{"line":82,"column":2}},"20":{"start":{"line":73,"column":2},"end":{"line":81,"column":46}},"21":{"start":{"line":84,"column":0},"end":{"line":84,"column":53}},"22":{"start":{"line":90,"column":0},"end":{"line":113,"column":2}},"23":{"start":{"line":91,"column":2},"end":{"line":112,"column":3}},"24":{"start":{"line":97,"column":6},"end":{"line":101,"column":8}},"25":{"start":{"line":103,"column":6},"end":{"line":106,"column":54}},"26":{"start":{"line":108,"column":6},"end":{"line":110,"column":41}}},"branchMap":{},"code":["const banner        = ['/**',","  ' * <%= pkg.name %> - <%= pkg.description %>',","  ' * @version v<%= pkg.version %>',","  ' * @link <%= pkg.homepage %>',","  ' * @license <%= pkg.license %>',","  ' */',","  ''].join('\\n')","const browserSync = require('browser-sync').create()","const concat      = require('gulp-concat')","const del         = require('del')","const gulp        = require('gulp')","const header      = require('gulp-header')","const notify      = require('gulp-notify')","const pkg         = require('./package.json')","const plumber     = require('gulp-plumber')","const rename      = require('gulp-rename')","const runSequence = require('run-sequence')","const standard    = require('gulp-standard')","const uglif
[...]
"line":33,"column":5},"end":{"line":33,"column":28}},"25":{"start":{"line":37,"column":4},"end":{"line":46,"column":5}},"26":{"start":{"line":39,"column":5},"end":{"line":45,"column":6}},"27":{"start":{"line":40,"column":6},"end":{"line":44,"column":7}},"28":{"start":{"line":41,"column":7},"end":{"line":41,"column":43}},"29":{"start":{"line":43,"column":7},"end":{"line":43,"column":13}},"30":{"start":{"line":51,"column":2},"end":{"line":51,"column":31}},"31":{"start":{"line":55,"column":1},"end":{"line":74,"column":4}},"32":{"start":{"line":56,"column":2},"end":{"line":59,"column":58}},"33":{"start":{"line":62,"column":2},"end":{"line":68,"column":3}},"34":{"start":{"line":63,"column":3},"end":{"line":67,"column":4}},"35":{"start":{"line":64,"column":4},"end":{"line":64,"column":31}},"36":{"start":{"line":66,"column":4},"end":{"line":66,"column":10}},"37":{"start":{"line":71,"column":2},"end":{"line":73,"column":3}},"38":{"start":{"line":72,"column":3},"end":{"line":72,"column":56}},"39":{"start":{"line":77,"column":1},"end":{"line":93,"column":4}},"40":{"start":{"line":78,"column":2},"end":{"line":82,"column":58}},"41":{"start":{"line":84,"column":2},"end":{"line":92,"column":3}},"42":{"start":{"line":85,"column":3},"end":{"line":85,"column":53}},"43":{"start":{"line":87,"column":3},"end":{"line":89,"column":4}},"44":{"start":{"line":88,"column":4},"end":{"line":88,"column":37}},"45":{"start":{"line":91,"column":3},"end":{"line":91,"column":10}},"46":{"start":{"line":96,"column":1},"end":{"line":116,"column":4}},"47":{"start":{"line":98,"column":3},"end":{"line":98,"column":19}},"48":{"start":{"line":100,"column":3},"end":{"line":114,"column":5}},"49":{"start":{"line":101,"column":4},"end":{"line":101,"column":55}},"50":{"start":{"line":103,"column":4},"end":{"line":103,"column":22}},"51":{"start":{"line":104,"column":4},"end":{"line":112,"column":5}},"52":{"start":{"line":105,"column":5},"end":{"line":111,"column":6}},"53":{"start":{"line":106,"column":6},"end":{"line":106,"column":52}},"54":{"start":{"line":107,"column":12},"end":{"line":111,"column":6}},"55":{"start":{"line":108,"column":6},"end":{"line":108,"column":50}},"56":{"start":{"line":109,"column":12},"end":{"line":111,"column":6}},"57":{"start":{"line":110,"column":6},"end":{"line":110,"column":42}},"58":{"start":{"line":113,"column":4},"end":{"line":113,"column":17}},"59":{"start":{"line":119,"column":1},"end":{"line":125,"column":2}},"60":{"start":{"line":120,"column":2},"end":{"line":124,"column":3}},"61":{"start":{"line":121,"column":3},"end":{"line":121,"column":50}},"62":{"start":{"line":123,"column":3},"end":{"line":123,"column":63}},"63":{"start":{"line":127,"column":1},"end":{"line":127,"column":40}},"64":{"start":{"line":129,"column":1},"end":{"line":129,"column":40}},"65":{"start":{"line":132,"column":0},"end":{"line":150,"column":5}},"66":{"start":{"line":134,"column":1},"end":{"line":149,"column":3}},"67":{"start":{"line":135,"column":2},"end":{"line":135,"column":12}},"68":{"start":{"line":136,"column":2},"end":{"line":136,"column":90}},"69":{"start":{"line":138,"column":2},"end":{"line":146,"column":3}},"70":{"start":{"line":139,"column":3},"end":{"line":139,"column":47}},"71":{"start":{"line":140,"column":3},"end":{"line":140,"column":102}},"72":{"start":{"line":143,"column":3},"end":{"line":143,"column":41}},"73":{"start":{"line":144,"column":3},"end":{"line":144,"column":74}},"74":{"start":{"line":145,"column":3},"end":{"line":145,"column":39}},"75":{"start":{"line":148,"column":2},"end":{"line":148,"column":15}}},"branchMap":{"1":{"line":3,"type":"binary-expr","locations":[{"start":{"line":3,"column":0},"end":{"line":3,"column":12}},{"start":{"line":3,"column":16},"end":{"line":3,"column":45}},{"start":{"line":3,"column":49},"end":{"line":3,"column":84}},{"start":{"line":3,"column":88},"end":{"line":130,"column":4}}]},"2":{"line":12,"type":"binary-expr","locations":[{"start":{"line":12,"column":50},"end":{"line":12,"column":83}},{"start":{"line":12,"column":87},"end":{"line":12,"column":89}}]},"3":{"line":13,"type":"binary-expr","locations":[{"start":{"line":13,"column":36},"end":{"line":13,"column":51}},{"start":{"line":13,"column":55},"end":{"line":13,"column":57}}]},"4":{"line":16,"type":"if","locations":[{"start":{"line":16,"column":2},"end":{"line":16,"column":2}},{"start":{"line":16,"column":2},"end":{"line":16,"column":2}}]},"5":{"line":18,"type":"binary-expr","locations":[{"start":{"line":18,"column":26},"end":{"line":18,"column":41}},{"start":{"line":18,"column":45},"end":{"line":18,"column":76}},{"start":{"line":18,"column":80},"end":{"line":18,"column":102}},{"start":{"line":18,"column":106},"end":{"line":18,"column":137}}]},"6":{"line":25,"type":"binary-expr","locations":[{"start":{"line":25,"column":26},"end":{"line":25,"column":43}},{"start":{"line":25,"column":47},"end":{"line":25,"column":51}}]},"7":{"line":28,"type":"binary-expr","locations":[{"start":{"line":28,"column":19},"end":{"line":28,"column":35}},{"start":{"line":28,"column":39},"end":{"line":28,"column":45}}]},"8":{"line":37,"type":"binary-expr","locations":[{"start":{"line":37,"column":115},"end":{"line":37,"column":135}},{"start":{"line":37,"column":140},"end":{"line":37,"column":181}}]},"9":{"line":40,"type":"if","locations":[{"start":{"line":40,"column":6},"end":{"line":40,"column":6}},{"start":{"line":40,"column":6},"end":{"line":40,"column":6}}]},"10":{"line":58,"type":"binary-expr","locations":[{"start":{"line":58,"column":50},"end":{"line":58,"column":83}},{"start":{"line":58,"column":87},"end":{"line":58,"column":89}}]},"11":{"line":59,"type":"binary-expr","locations":[{"start":{"line":59,"column":36},"end":{"line":59,"column":51}},{"start":{"line":59,"column":55},"end":{"line":59,"column":57}}]},"12":{"line":63,"type":"if","locations":[{"start":{"line":63,"column":3},"end":{"line":63,"column":3}},{"start":{"line":63,"column":3},"end":{"line":63,"column":3}}]},"13":{"line":71,"type":"if","locations":[{"start":{"line":71,"column":2},"end":{"line":71,"column":2}},{"start":{"line":71,"column":2},"end":{"line":71,"column":2}}]},"14":{"line":71,"type":"binary-expr","locations":[{"start":{"line":71,"column":6},"end":{"line":71,"column":27}},{"start":{"line":71,"column":31},"end":{"line":71,"column":50}}]},"15":{"line":81,"type":"binary-expr","locations":[{"start":{"line":81,"column":50},"end":{"line":81,"column":83}},{"start":{"line":81,"column":87},"end":{"line":81,"column":89}}]},"16":{"line":82,"type":"binary-expr","locations":[{"start":{"line":82,"column":36},"end":{"line":82,"column":51}},{"start":{"line":82,"column":55},"end":{"line":82,"column":57}}]},"17":{"line":87,"type":"if","locations":[{"start":{"line":87,"column":3},"end":{"line":87,"column":3}},{"start":{"line":87,"column":3},"end":{"line":87,"column":3}}]},"18":{"line":105,"type":"if","locations":[{"start":{"line":105,"column":5},"end":{"line":105,"column":5}},{"start":{"line":105,"column":5},"end":{"line":105,"column":5}}]},"19":{"line":107,"type":"if","locations":[{"start":{"line":107,"column":12},"end":{"line":107,"column":12}},{"start":{"line":107,"column":12},"end":{"line":107,"column":12}}]},"20":{"line":109,"type":"if","locations":[{"start":{"line":109,"column":12},"end":{"line":109,"column":12}},{"start":{"line":109,"column":12},"end":{"line":109,"column":12}}]},"21":{"line":120,"type":"if","locations":[{"start":{"line":120,"column":2},"end":{"line":120,"column":2}},{"start":{"line":120,"column":2},"end":{"line":120,"column":2}}]},"22":{"line":120,"type":"binary-expr","locations":[{"start":{"line":120,"column":6},"end":{"line":120,"column":20}},{"start":{"line":120,"column":24},"end":{"line":120,"column":37}}]},"23":{"line":132,"type":"binary-expr","locations":[{"start":{"line":132,"column":1},"end":{"line":132,"column":18}},{"start":{"line":132,"column":22},"end":{"line":132,"column":58}},{"start":{"line":132,"column":63},"end":{"line":150,"column":4}}]},"24":{"line":136,"type":"binary-expr","locations":[{"start":{"line":136,"column":18},"end":{"line":136,"column":31}},{"start":{"line":136,"column":35},"end":{"line":136,"column":89}}]}},"code":["// EventListener | CC0 | github.com/jonathantneal/EventListener","","this.Element && Element.prototype.attachEvent && !Element.prototype.addEventListener && (function () {","\tfunction addToPrototype(name, method) {","\t\tWindow.prototype[name] = HTMLDocument.prototype[name] = Element.prototype[name] = method;","\t}","","\t// add","\taddToPrototype(\"addEventListener\", function (type, listener) {","\t\tvar","\t\ttarget = this,","\t\tlisteners = target.addEventListener.listeners = target.addEventListener.listeners || {},","\t\ttypeListeners = listeners[type] = listeners[type] || [];","","\t\t// if no events exist, attach the listener","\t\tif (!typeListeners.length) {","\t\t\ttarget.attachEvent(\"on\" + type, typeListeners.event = function (event) {","\t\t\t\tvar documentElement = target.document && target.document.documentElement || target.documentElement || { scrollLeft: 0, scrollTop: 0 };","","\t\t\t\t// polyfill w3c properties and methods","\t\t\t\tevent.currentTarget = target;","\t\t\t\tevent.pageX = event.clientX + documentElement.scrollLeft;","\t\t\t\tevent.pageY = event.clientY + documentElement.scrollTop;","\t\t\t\tevent.preventDefault = function () { event.returnValue = false };","\t\t\t\tevent.relatedTarget = event.fromElement || null;","\t\t\t\tevent.stopImmediatePropagation = function () { immediatePropagation = false; event.cancelBubble = true };","\t\t\t\tevent.stopPropagation = function () { event.cancelBubble = true };","\t\t\t\tevent.target = event.srcElement || target;","\t\t\t\tevent.timeStamp = +new Date;","","\t\t\t\tvar plainEvt = {};","\t\t\t\tfor (var i in event) {","\t\t\t\t\tplainEvt[i] = event[i];","\t\t\t\t}","","\t\t\t\t// create an cached list of the master events list (to protect this loop from breaking when an event is removed)","\t\t\t\tfor (var i = 0, typeListenersCache = [].concat(typeListeners), typeListenerCache, immediatePropagation = true; immediatePropagation && (typeListenerCache = typeListenersCache[i]); ++i) {","\t\t\t\t\t// check to see if the cached event still exists in the master events list","\t\t\t\t\tfor (var ii = 0, typeListener; typeListener = typeListeners[ii]; ++ii) {","\t\t\t\t\t\tif (typeListener == typeListenerCache) {","\t\t\t\t\t\t\ttypeListener.call(target, plainEvt);","","\t\t\t\t\t\t\tbreak;","\t\t\t\t\t\t}","\t\t\t\t\t}","\t\t\t\t}","\t\t\t});","\t\t}","","\t\t// add the event to the master event list","\t\ttypeListeners.push(listener);","\t});","","\t// remove","\taddToPrototype(\"removeEventListener\", function (type, listener) {","\t\tvar","\t\ttarget = this,","\t\tlisteners = target.addEventListener.listeners = target.addEventListener.listeners || {},","\t\ttypeListeners = listeners[type] = listeners[type] || [];","","\t\t// remove the newest matching event from the master event list","\t\tfor (var i = typeListeners.length - 1, typeListener; typeListener = typeListeners[i]; --i) {","\t\t\tif (typeListener == listener) {","\t\t\t\ttypeListeners.splice(i, 1);","","\t\t\t\tbreak;","\t\t\t}","\t\t}","","\t\t// if no events exist, detach the listener","\t\tif (!typeListeners.length && typeListeners.event) {","\t\t\ttarget.detachEvent(\"on\" + type, typeListeners.event);","\t\t}","\t});","","\t// dispatch","\taddToPrototype(\"dispatchEvent\", function (eventObject) {","\t\tvar","\t\ttarget = this,","\t\ttype = eventObject.type,","\t\tlisteners = target.addEventListener.listeners = target.addEventListener.listeners || {},","\t\ttypeListeners = listeners[type] = listeners[type] || [];","","\t\ttry {","\t\t\treturn target.fireEvent(\"on\" + type, eventObject);","\t\t} catch (error) {","\t\t\tif (typeListeners.event) {","\t\t\t\ttypeListeners.event(eventObject);","\t\t\t}","","\t\t\treturn;","\t\t}","\t});","","\t// CustomEvent","\tObject.defineProperty(Window.prototype, \"CustomEvent\", {","\t\tget: function () {","\t\t\tvar self = this;","","\t\t\treturn function CustomEvent(type, eventInitDict) {","\t\t\t\tvar event = self.document.createEventObject(), key;","","\t\t\t\tevent.type = type;","\t\t\t\tfor (key in eventInitDict) {","\t\t\t\t\tif (key == 'cancelable'){","\t\t\t\t\t\tevent.returnValue = !eventInitDict.cancelable;","\t\t\t\t\t} else if (key == 'bubbles'){","\t\t\t\t\t\tevent.cancelBubble = !eventInitDict.bubbles;","\t\t\t\t\t} else if (key == 'detail'){","\t\t\t\t\t\tevent.detail = eventInitDict.detail;","\t\t\t\t\t}","\t\t\t\t}","\t\t\t\treturn event;","\t\t\t};","\t\t}","\t});","","\t// ready","\tfunction ready(event) {","\t\tif (ready.interval && document.body) {","\t\t\tready.interval = clearInterval(ready.interval);","","\t\t\tdocument.dispatchEvent(new CustomEvent(\"DOMContentLoaded\"));","\t\t}","\t}","","\tready.interval = setInterval(ready, 1);","","\twindow.addEventListener(\"load\", ready);","})();","","(!this.CustomEvent || typeof this.CustomEvent === \"object\") && (function() {","\t// CustomEvent for browsers which don't natively support the Constructor method","\tthis.CustomEvent = function CustomEvent(type, eventInitDict) {","\t\tvar event;","\t\teventInitDict = eventInitDict || {bubbles: false, cancelable: false, detail: undefined};","","\t\ttry {","\t\t\tevent = document.createEvent('CustomEvent');","\t\t\tevent.initCustomEvent(type, eventInitDict.bubbles, eventInitDict.cancelable, eventInitDict.detail);","\t\t} catch (error) {","\t\t\t// for browsers which don't support CustomEvent at all, we use a regular event instead","\t\t\tevent = document.createEvent('Event');","\t\t\tevent.initEvent(type, eventInitDict.bubbles, eventInitDict.cancelable);","\t\t\tevent.detail = eventInitDict.detail;","\t\t}","","\t\treturn event;","\t};","})();",""],"l":{"3":1,"4":1,"5":0,"9":0,"10":0,"16":0,"17":0,"18":0,"21":0,"22":0,"23":0,"24":0,"25":0,"26":0,"27":0,"28":0,"29":0,"31":0,"32":0,"33":0,"37":0,"39":0,"40":0,"41":0,"43":0,"51":0,"55":0,"56":0,"62":0,"63":0,"64":0,"66":0,"71":0,"72":0,"77":0,"78":0,"84":0,"85":0,"87":0,"88":0,"91":0,"96":0,"98":0,"100":0,"101":0,"103":0,"104":0,"105":0,"106":0,"107":0,"108":0,"109":0,"110":0,"113":0,"119":1,"120":0,"121":0,"123":0,"127":0,"129":0,"132":1,"134":1,"135":0,"136":0,"138":0,"139":0,"140":0,"143":0,"144":0,"145":0,"148":0}},"/home/travis/build/npmtest/node-npmtest-what-input/node_modules/what-input/src/polyfills/ie8/indexOf.js":{"path":"/home/travis/build/npmtest/node-npmtest-what-input/node_modules/what-input/src/polyfills/ie8/indexOf.js","s":{"1":1,"2":0,"3":0,"4":0,"5":0,"6":0,"7":0,"8":0,"9":0,"10":0,"11":0,"12":0,"13":0,"14":0,"15":0,"16":0,"17":0,"18":0,"19":0,"20":0},"b":{"1":[0,1],"2":[0,0],"3":[0,0],"4":[0,0],"5":[0,0],"6":[0,0],"7":[0,0],"8":[0,0],"9":[0,0]},"f":{"1":0},"fnMap":{"1":{"name":"(anonymous_1)","line":4,"loc":{"start":{"line":4,"column":28},"end":{"line":4,"column":63}}}},"statementMap":{"1":{"start":{"line":3,"column":0},"end":{"line":65,"column":1}},"2":{"start":{"line":4,"column":2},"end":{"line":64,"column":4}},"3":{"start":{"line":6,"column":4},"end":{"line":6,"column":10}},"4":{"start":{"line":10,"column":4},"end":{"line":12,"column":5}},"5":{"start":{"line":11,"column":6},"end":{"line":11,"column":59}},"6":{"start":{"line":14,"column":4},"end":{"line":14,"column":25}},"7":{"start":{"line":19,"column":4},"end":{"line":19,"column":29}},"8":{"start":{"line":22,"column":4},"end":{"line":24,"column":5}},"9":{"start":{"line":23,"column":6},"end":{"line":23,"column":16}},"10":{"start":{"line":28,"column":4},"end":{"line":28,"column":28}},"11":{"start":{"line":30,"column":4},"end":{"line":32,"column":5}},"12":{"start":{"line":31,"column":6},"end":{"line":31,"column":12}},"13":{"start":{"line":35,"column":4},"end":{"line":37,"column":5}},"14":{"start":{"line":36,"column":6},"end":{"line":36,"column":16}},"15":{"start":{"line":42,"column":4},"end":{"line":42,"column":52}},"16":{"start":{"line":45,"column":4},"end":{"line":62,"column":5}},"17":{"start":{"line":58,"column":6},"end":{"line":60,"column":7}},"18":{"start":{"line":59,"column":8},"end":{"line":59,"column":17}},"19":{"start":{"line":61,"column":6},"end":{"line":61,"column":10}},"20":{"start":{"line":63,"column":4},"end":{"line":63,"column":14}}},"branchMap":{"1":{"line":3,"type":"if","locations":[{"start":{"line":3,"column":0},"end":{"line":3,"column":0}},{"start":{"line":3,"column":0},"end":{"line":3,"column":0}}]},"2":{"line":10,"type":"if","locations":[{"start":{"line":10,"column":4},"end":{"line":10,"column":4}},{"start":{"line":10,"column":4},"end":{"line":10,"column":4}}]},"3":{"line":22,"type":"if","locations":[{"start":{"line":22,"column":4},"end":{"line":22,"column":4}},{"start":{"line":22,"column":4},"end":{"line":22,"column":4}}]},"4":{"line":28,"type":"binary-expr","locations":[{"start":{"line":28,"column":12},"end":{"line":28,"column":22}},{"start":{"line":28,"column":26},"end":{"line":28,"column":27}}]},"5":{"line":30,"type":"if","locations":[{"start":{"line":30,"column":4},"end":{"line":30,"column":4}},{"start":{"line":30,"column":4},"end":{"line":30,"column":4}}]},"6":{"line":35,"type":"if","locations":[{"start":{"line":35,"column":4},"end":{"line":35,"column":4}},{"start":{"line":35,"column":4},"end":{"line":35,"column":4}}]},"7":{"line":42,"type":"cond-expr","locations":[{"start":{"line":42,"column":26},"end":{"line":42,"column":27}},{"start":{"line":42,"column":30},"end":{"line":42,"column":47}}]},"8":{"line":58,"type":"if","locations":[{"start":{"line":58,"column":6},"end":{"line":58,"column":6}},{"start":{"line":58,"column":6},"end":{"line":58,"column":6}}]},"9":{"line":58,"type":"binary-expr","locations":[{"start":{"line":58,"column":10},"end":{"line":58,"column":16}},{"start":{"line":58,"column":20},"end":{"line":58,"column":42}}]}},"code":["// Production steps of ECMA-262, Edition 5, 15.4.4.14","// Reference: http://es5.github.io/#x15.4.4.14","if (!Array.prototype.indexOf) {","  Array.prototype.indexOf = function(searchElement, fromIndex) {","","    var k;","","    // 1. Let O be the result of calling ToObject passing","    //    the this value as the argument.","    if (this == null) {","      throw new TypeError('\"this\" is null or not defined');","    }","","    var O = Object(this);","","    // 2. Let lenValue be the result of calling the Get","    //    internal method of O with the argument \"length\".","    // 3. Let len be ToUint32(lenValue).","    var len = O.length >>> 0;","","    // 4. If len is 0, return -1.","    if (len === 0) {","      return -1;","    }","","    // 5. If argument fromIndex was passed let n be","    //    ToInteger(fromIndex); else let n be 0.","    var n = +fromIndex || 0;","","    if (Math.abs(n) === Infinity) {","      n = 0;","    }","","    // 6. If n >= len, return -1.","    if (n >= len) {","      return -1;","    }","","    // 7. If n >= 0, then Let k be n.","    // 8. Else, n<0, Let k be len - abs(n).","    //    If k is less than 0, then let k be 0.","    k = Math.max(n >= 0 ? n : len - Math.abs(n), 0);","","    // 9. Repeat, while k < len","    while (k < len) {","      // a. Let Pk be ToString(k).","      //   This is implicit for LHS operands of the in operator","      // b. Let kPresent be the result of calling the","      //    HasProperty internal method of O with argument Pk.","      //   This step can be combined with c","      // c. If kPresent is true, then","      //    i.  Let elementK be the result of calling the Get","      //        internal method of O with the argument ToString(k).","      //   ii.  Let same be the result of applying the","      //        Strict Equality Comparison Algorithm to","      //        searchElement and elementK.","      //  iii.  If same is true, return k.","      if (k in O && O[k] === searchElement) {","        return k;","      }","      k++;","    }","    return -1;","  };","}",""],"l":{"3":1,"4":0,"6":0,"10":0,"11":0,"14":0,"19":0,"22":0,"23":0,"28":0,"30":0,"31":0,"35":0,"36":0,"42":0,"45":0,"58":0,"59":0,"61":0,"63":0}}}